2025-09-05 08:55:03,881 - INFO - Starting product scraping...
2025-09-05 08:55:20,151 - INFO - Selecting country: Germany
2025-09-05 08:55:30,443 - INFO - Error selecting country: Message: 
Stacktrace:
0   chromedriver                        0x000000010313f668 cxxbridge1$str$ptr + 2882776
1   chromedriver                        0x0000000103137594 cxxbridge1$str$ptr + 2849796
2   chromedriver                        0x0000000102c610dc _RNvCslE4myv9Sbr3_7___rustc35___rust_no_alloc_shim_is_unstable_v2 + 73436
3   chromedriver                        0x0000000102ca8474 _RNvCslE4myv9Sbr3_7___rustc35___rust_no_alloc_shim_is_unstable_v2 + 365172
4   chromedriver                        0x0000000102ce966c _RNvCslE4myv9Sbr3_7___rustc35___rust_no_alloc_shim_is_unstable_v2 + 631916
5   chromedriver                        0x0000000102c9c130 _RNvCslE4myv9Sbr3_7___rustc35___rust_no_alloc_shim_is_unstable_v2 + 315184
6   chromedriver                        0x0000000103103b98 cxxbridge1$str$ptr + 2638344
7   chromedriver                        0x0000000103106db0 cxxbridge1$str$ptr + 2651168
8   chromedriver                        0x00000001030e4634 cxxbridge1$str$ptr + 2509988
9   chromedriver                        0x000000010310765c cxxbridge1$str$ptr + 2653388
10  chromedriver                        0x00000001030d5dd0 cxxbridge1$str$ptr + 2450496
11  chromedriver                        0x0000000103126ee4 cxxbridge1$str$ptr + 2782548
12  chromedriver                        0x0000000103127064 cxxbridge1$str$ptr + 2782932
13  chromedriver                        0x00000001031371e0 cxxbridge1$str$ptr + 2848848
14  libsystem_pthread.dylib             0x000000018871ffa8 _pthread_start + 148
15  libsystem_pthread.dylib             0x000000018871ada0 thread_start + 8

2025-09-05 08:55:30,471 - INFO - Error during scraping: Message: 
Stacktrace:
0   chromedriver                        0x000000010313f668 cxxbridge1$str$ptr + 2882776
1   chromedriver                        0x0000000103137594 cxxbridge1$str$ptr + 2849796
2   chromedriver                        0x0000000102c610dc _RNvCslE4myv9Sbr3_7___rustc35___rust_no_alloc_shim_is_unstable_v2 + 73436
3   chromedriver                        0x0000000102ca8474 _RNvCslE4myv9Sbr3_7___rustc35___rust_no_alloc_shim_is_unstable_v2 + 365172
4   chromedriver                        0x0000000102ce966c _RNvCslE4myv9Sbr3_7___rustc35___rust_no_alloc_shim_is_unstable_v2 + 631916
5   chromedriver                        0x0000000102c9c130 _RNvCslE4myv9Sbr3_7___rustc35___rust_no_alloc_shim_is_unstable_v2 + 315184
6   chromedriver                        0x0000000103103b98 cxxbridge1$str$ptr + 2638344
7   chromedriver                        0x0000000103106db0 cxxbridge1$str$ptr + 2651168
8   chromedriver                        0x00000001030e4634 cxxbridge1$str$ptr + 2509988
9   chromedriver                        0x000000010310765c cxxbridge1$str$ptr + 2653388
10  chromedriver                        0x00000001030d5dd0 cxxbridge1$str$ptr + 2450496
11  chromedriver                        0x0000000103126ee4 cxxbridge1$str$ptr + 2782548
12  chromedriver                        0x0000000103127064 cxxbridge1$str$ptr + 2782932
13  chromedriver                        0x00000001031371e0 cxxbridge1$str$ptr + 2848848
14  libsystem_pthread.dylib             0x000000018871ffa8 _pthread_start + 148
15  libsystem_pthread.dylib             0x000000018871ada0 thread_start + 8

2025-09-05 08:55:42,830 - INFO - Starting product scraping...
2025-09-05 08:55:51,483 - INFO - Selecting country: Germany
2025-09-05 08:56:01,905 - INFO - Error selecting country: Message: 
Stacktrace:
0   chromedriver                        0x00000001033ef668 cxxbridge1$str$ptr + 2882776
1   chromedriver                        0x00000001033e7594 cxxbridge1$str$ptr + 2849796
2   chromedriver                        0x0000000102f110dc _RNvCslE4myv9Sbr3_7___rustc35___rust_no_alloc_shim_is_unstable_v2 + 73436
3   chromedriver                        0x0000000102f58474 _RNvCslE4myv9Sbr3_7___rustc35___rust_no_alloc_shim_is_unstable_v2 + 365172
4   chromedriver                        0x0000000102f9966c _RNvCslE4myv9Sbr3_7___rustc35___rust_no_alloc_shim_is_unstable_v2 + 631916
5   chromedriver                        0x0000000102f4c130 _RNvCslE4myv9Sbr3_7___rustc35___rust_no_alloc_shim_is_unstable_v2 + 315184
6   chromedriver                        0x00000001033b3b98 cxxbridge1$str$ptr + 2638344
7   chromedriver                        0x00000001033b6db0 cxxbridge1$str$ptr + 2651168
8   chromedriver                        0x0000000103394634 cxxbridge1$str$ptr + 2509988
9   chromedriver                        0x00000001033b765c cxxbridge1$str$ptr + 2653388
10  chromedriver                        0x0000000103385dd0 cxxbridge1$str$ptr + 2450496
11  chromedriver                        0x00000001033d6ee4 cxxbridge1$str$ptr + 2782548
12  chromedriver                        0x00000001033d7064 cxxbridge1$str$ptr + 2782932
13  chromedriver                        0x00000001033e71e0 cxxbridge1$str$ptr + 2848848
14  libsystem_pthread.dylib             0x000000018871ffa8 _pthread_start + 148
15  libsystem_pthread.dylib             0x000000018871ada0 thread_start + 8

2025-09-05 08:56:01,928 - INFO - Error during scraping: Message: 
Stacktrace:
0   chromedriver                        0x00000001033ef668 cxxbridge1$str$ptr + 2882776
1   chromedriver                        0x00000001033e7594 cxxbridge1$str$ptr + 2849796
2   chromedriver                        0x0000000102f110dc _RNvCslE4myv9Sbr3_7___rustc35___rust_no_alloc_shim_is_unstable_v2 + 73436
3   chromedriver                        0x0000000102f58474 _RNvCslE4myv9Sbr3_7___rustc35___rust_no_alloc_shim_is_unstable_v2 + 365172
4   chromedriver                        0x0000000102f9966c _RNvCslE4myv9Sbr3_7___rustc35___rust_no_alloc_shim_is_unstable_v2 + 631916
5   chromedriver                        0x0000000102f4c130 _RNvCslE4myv9Sbr3_7___rustc35___rust_no_alloc_shim_is_unstable_v2 + 315184
6   chromedriver                        0x00000001033b3b98 cxxbridge1$str$ptr + 2638344
7   chromedriver                        0x00000001033b6db0 cxxbridge1$str$ptr + 2651168
8   chromedriver                        0x0000000103394634 cxxbridge1$str$ptr + 2509988
9   chromedriver                        0x00000001033b765c cxxbridge1$str$ptr + 2653388
10  chromedriver                        0x0000000103385dd0 cxxbridge1$str$ptr + 2450496
11  chromedriver                        0x00000001033d6ee4 cxxbridge1$str$ptr + 2782548
12  chromedriver                        0x00000001033d7064 cxxbridge1$str$ptr + 2782932
13  chromedriver                        0x00000001033e71e0 cxxbridge1$str$ptr + 2848848
14  libsystem_pthread.dylib             0x000000018871ffa8 _pthread_start + 148
15  libsystem_pthread.dylib             0x000000018871ada0 thread_start + 8

