2025-09-08 08:25:51,790 - wilo_scraper - INFO - Logging initialized - logs/wilo_scraper_20250908_082551.log
2025-09-08 08:25:51,790 - wilo_scraper.__main__ - INFO - Starting Wilo Scraper Application
2025-09-08 08:25:53,520 - wilo_scraper.scraper.wilo_scraper - INFO - Starting scraping for country: germany
2025-09-08 08:25:53,522 - wilo_scraper.scraper.browser_manager - INFO - Setting up Chrome browser (simple mode)...
2025-09-08 08:25:53,523 - wilo_scraper.scraper.browser_manager - INFO - Trying simple Chrome setup...
2025-09-08 08:25:57,087 - wilo_scraper.scraper.browser_manager - INFO - ✅ Chrome opened successfully!
2025-09-08 08:25:57,088 - wilo_scraper.scraper.wilo_scraper - INFO - Navigating to Wilo website...
2025-09-08 08:26:11,424 - wilo_scraper.scraper.browser_manager - INFO - Screenshot: logs/screenshots/step1_initial_page.png
2025-09-08 08:26:11,425 - wilo_scraper.scraper.wilo_scraper - INFO - Looking for country span: Germany
2025-09-08 08:26:11,508 - wilo_scraper.scraper.browser_manager - INFO - Screenshot: logs/screenshots/step2_before_country.png
2025-09-08 08:26:12,556 - wilo_scraper.scraper.wilo_scraper - INFO - Successfully clicked country span: Germany
2025-09-08 08:26:14,667 - wilo_scraper.scraper.browser_manager - INFO - Screenshot: logs/screenshots/step3_after_country.png
2025-09-08 08:26:14,668 - wilo_scraper.scraper.wilo_scraper - INFO - Looking for Hydraulische Pumpenauswahl tile...
2025-09-08 08:26:14,668 - wilo_scraper.scraper.wilo_scraper - INFO - Waiting for page to fully load after country selection...
2025-09-08 08:26:14,668 - wilo_scraper.scraper.wilo_scraper - INFO - Waiting 5 seconds for tiles to appear...
2025-09-08 08:26:19,802 - wilo_scraper.scraper.browser_manager - INFO - Screenshot: logs/screenshots/step4_wait_5s.png
2025-09-08 08:26:19,844 - wilo_scraper.scraper.wilo_scraper - INFO - Found tile with keyword 'Hydraulische': Hydraulische Pumpenauswahl
2025-09-08 08:26:21,862 - wilo_scraper.scraper.wilo_scraper - INFO - Successfully clicked pump selection tile with JavaScript
2025-09-08 08:26:24,034 - wilo_scraper.scraper.browser_manager - INFO - Screenshot: logs/screenshots/step5_after_tile_click.png
2025-09-08 08:26:27,045 - wilo_scraper.scraper.wilo_scraper - INFO - After tile click, current URL: https://select.wilo.com/ApplRange.aspx
2025-09-08 08:26:27,049 - wilo_scraper.scraper.wilo_scraper - INFO - Extracting real products from category: 01. Heizung
2025-09-08 08:26:28,564 - wilo_scraper.scraper.wilo_scraper - INFO - Created 3 sample products for 01. Heizung
2025-09-08 08:26:28,656 - wilo_scraper.scraper.wilo_scraper - INFO - Real scraping completed. Found 3 products
2025-09-08 08:26:28,656 - wilo_scraper.scraper.browser_manager - INFO - Closing browser...
2025-09-08 08:26:28,775 - wilo_scraper.scraper.browser_manager - INFO - ✅ Browser closed
