2025-09-10 14:11:32,491 - wilo_scraper - INFO - Logging initialized - logs/wilo_scraper_20250910_141132.log
2025-09-10 14:11:32,491 - wilo_scraper.__main__ - INFO - Starting Wilo Scraper Application
2025-09-10 14:11:38,312 - wilo_scraper.scraper.wilo_catalog_scraper - INFO - Starting catalog scraping for max 2 products
2025-09-10 14:11:38,335 - wilo_scraper.scraper.browser_manager - INFO - Setting up Chrome browser (simple mode)...
2025-09-10 14:11:38,335 - wilo_scraper.scraper.browser_manager - INFO - Trying simple Chrome setup...
2025-09-10 14:11:40,173 - wilo_scraper.scraper.browser_manager - INFO - ✅ Chrome opened successfully!
2025-09-10 14:11:40,180 - wilo_scraper.scraper.wilo_catalog_scraper - INFO - Navigating to Wilo catalog page...
2025-09-10 14:11:51,013 - wilo_scraper.scraper.browser_manager - INFO - Screenshot: logs/screenshots/catalog_step1_initial_page.png
2025-09-10 14:11:56,058 - wilo_scraper.scraper.wilo_catalog_scraper - INFO - === PROCESSING CARD 1 ===
2025-09-10 14:11:56,094 - wilo_scraper.scraper.wilo_catalog_scraper - INFO - Re-found 46 cards for iteration 1
2025-09-10 14:11:56,129 - wilo_scraper.scraper.wilo_catalog_scraper - INFO - Extracted card data for position 1
2025-09-10 14:11:56,180 - wilo_scraper.scraper.wilo_catalog_scraper - INFO - Clicked via link for card 1
2025-09-10 14:12:01,373 - wilo_scraper.scraper.browser_manager - INFO - Screenshot: logs/screenshots/catalog_product_0_page.png
2025-09-10 14:12:01,441 - wilo_scraper.scraper.wilo_catalog_scraper - INFO - Extracted real name from H1: Wilo-Atmos TERA-SCH
2025-09-10 14:12:01,472 - wilo_scraper.scraper.wilo_catalog_scraper - INFO - Found 7 thumbnail tiles
2025-09-10 14:12:02,411 - wilo_scraper.scraper.wilo_catalog_scraper - INFO - [thumb 1] Added image: https://cms.media.wilo.com/dcipicpfinder/wilo352932/9652775/wilo352932_3.png
2025-09-10 14:12:03,083 - wilo_scraper.scraper.wilo_catalog_scraper - INFO - [thumb 2] Added image: https://cms.media.wilo.com/dcipicpfinder/wilo317177/4092769/wilo317177_3.png
2025-09-10 14:12:04,424 - wilo_scraper.scraper.wilo_catalog_scraper - INFO - [thumb 4] Added image: https://cms.media.wilo.com/dcipicpfinder/wilo363687/9652787/wilo363687_3.png
2025-09-10 14:12:05,096 - wilo_scraper.scraper.wilo_catalog_scraper - INFO - [thumb 5] Added image: https://cms.media.wilo.com/dcipicpfinder/wilo363688/9652799/wilo363688_3.png
2025-09-10 14:12:05,768 - wilo_scraper.scraper.wilo_catalog_scraper - INFO - [thumb 6] Added image: https://cms.media.wilo.com/dcianimpfinder/wilo520791/6327122/wilo520791_thumbnail.jpg
2025-09-10 14:12:06,970 - wilo_scraper.scraper.wilo_catalog_scraper - INFO - [thumb 7] Added video: https://cms.media.wilo.com/resources/video7/video_embed.html?url=/dcividpfinder/wilo683555/9307367/video_config.json&autostart=false&defaultquality=0&mute=false&st=auto&tb=auto&loop={loop}
2025-09-10 14:12:06,970 - wilo_scraper.scraper.wilo_catalog_scraper - INFO - Media extraction complete - Images: 5, Videos: 1
2025-09-10 14:12:07,041 - wilo_scraper.scraper.wilo_catalog_scraper - INFO - Extracted short description: 1013 characters
2025-09-10 14:12:07,091 - wilo_scraper.scraper.wilo_catalog_scraper - INFO - Extracted 9 advantages
2025-09-10 14:12:07,106 - wilo_scraper.scraper.wilo_catalog_scraper - INFO - Extracted long description: 0 characters
2025-09-10 14:12:07,108 - wilo_scraper.scraper.wilo_catalog_scraper - INFO - 🔍 PRODUCT DEBUG for Wilo-Atmos TERA-SCH:
2025-09-10 14:12:07,108 - wilo_scraper.scraper.wilo_catalog_scraper - INFO -    Real name from H1: Wilo-Atmos TERA-SCH
2025-09-10 14:12:07,109 - wilo_scraper.scraper.wilo_catalog_scraper - INFO -    Short desc length: 1013 chars
2025-09-10 14:12:07,109 - wilo_scraper.scraper.wilo_catalog_scraper - INFO -    Advantages count: 9
2025-09-10 14:12:07,109 - wilo_scraper.scraper.wilo_catalog_scraper - INFO -    Product images: 5
2025-09-10 14:12:07,109 - wilo_scraper.scraper.wilo_catalog_scraper - INFO -    Short desc preview: Splitcase-Pumpe für einen zuverlässigen Betrieb und energieeffizienten Transport großer Volumenström...
2025-09-10 14:12:07,109 - wilo_scraper.scraper.wilo_catalog_scraper - INFO -    First advantage: Zuverlässiger Dauerbetrieb für eine effiziente Tri...
2025-09-10 14:12:10,148 - wilo_scraper.scraper.wilo_catalog_scraper - INFO - ✅ Successfully extracted: Wilo-Atmos TERA-SCH
2025-09-10 14:12:12,154 - wilo_scraper.scraper.wilo_catalog_scraper - INFO - === PROCESSING CARD 2 ===
2025-09-10 14:12:12,166 - wilo_scraper.scraper.wilo_catalog_scraper - INFO - Re-found 46 cards for iteration 2
2025-09-10 14:12:12,184 - wilo_scraper.scraper.wilo_catalog_scraper - INFO - Extracted card data for position 2
2025-09-10 14:12:12,242 - wilo_scraper.scraper.wilo_catalog_scraper - INFO - Clicked via link for card 2
2025-09-10 14:12:17,414 - wilo_scraper.scraper.browser_manager - INFO - Screenshot: logs/screenshots/catalog_product_1_page.png
2025-09-10 14:12:17,433 - wilo_scraper.scraper.wilo_catalog_scraper - INFO - Extracted real name from H1: Wilo-SCP
2025-09-10 14:12:17,447 - wilo_scraper.scraper.wilo_catalog_scraper - INFO - Found 0 thumbnail tiles
2025-09-10 14:12:17,447 - wilo_scraper.scraper.wilo_catalog_scraper - INFO - No media via thumbnails; trying to capture a single main product image
2025-09-10 14:12:17,464 - wilo_scraper.scraper.wilo_catalog_scraper - INFO - [single] Added main product image: https://cms.media.wilo.com/dcipicpfinder/wilo6778/1525883/wilo6778_3.png
2025-09-10 14:12:17,464 - wilo_scraper.scraper.wilo_catalog_scraper - INFO - Media extraction complete - Images: 1, Videos: 0
2025-09-10 14:12:17,493 - wilo_scraper.scraper.wilo_catalog_scraper - INFO - Extracted short description: 27 characters
2025-09-10 14:12:17,529 - wilo_scraper.scraper.wilo_catalog_scraper - INFO - Extracted 5 advantages
2025-09-10 14:12:17,537 - wilo_scraper.scraper.wilo_catalog_scraper - INFO - Extracted long description: 0 characters
2025-09-10 14:12:17,539 - wilo_scraper.scraper.wilo_catalog_scraper - INFO - 🔍 PRODUCT DEBUG for Wilo-SCP:
2025-09-10 14:12:17,539 - wilo_scraper.scraper.wilo_catalog_scraper - INFO -    Real name from H1: Wilo-SCP
2025-09-10 14:12:17,539 - wilo_scraper.scraper.wilo_catalog_scraper - INFO -    Short desc length: 27 chars
2025-09-10 14:12:17,539 - wilo_scraper.scraper.wilo_catalog_scraper - INFO -    Advantages count: 5
2025-09-10 14:12:17,539 - wilo_scraper.scraper.wilo_catalog_scraper - INFO -    Product images: 1
2025-09-10 14:12:17,539 - wilo_scraper.scraper.wilo_catalog_scraper - INFO -    Short desc preview: Ihre Vorteile Ihre Vorteile...
2025-09-10 14:12:17,539 - wilo_scraper.scraper.wilo_catalog_scraper - INFO -    First advantage: Effiziente Hydraulik für große Fördermengen bis zu...
2025-09-10 14:12:20,609 - wilo_scraper.scraper.wilo_catalog_scraper - INFO - ✅ Successfully extracted: Wilo-SCP
2025-09-10 14:12:22,615 - wilo_scraper.scraper.wilo_catalog_scraper - INFO - === EXTRACTION COMPLETE ===
2025-09-10 14:12:22,615 - wilo_scraper.scraper.wilo_catalog_scraper - INFO - Successfully processed 2 out of 2 cards
2025-09-10 14:12:22,658 - wilo_scraper.scraper.wilo_catalog_scraper - INFO - Catalog scraping completed. Found 2 products
2025-09-10 14:12:22,658 - wilo_scraper.scraper.browser_manager - INFO - Closing browser...
2025-09-10 14:12:22,809 - wilo_scraper.scraper.browser_manager - INFO - ✅ Browser closed
