2025-09-10 12:33:36,881 - wilo_scraper - INFO - Logging initialized - logs/wilo_scraper_20250910_123336.log
2025-09-10 12:33:36,881 - wilo_scraper.__main__ - INFO - Starting Wilo Scraper Application
2025-09-10 12:33:45,108 - wilo_scraper.scraper.wilo_catalog_scraper - INFO - Starting catalog scraping for max 2 products
2025-09-10 12:33:45,114 - wilo_scraper.scraper.browser_manager - INFO - Setting up Chrome browser (simple mode)...
2025-09-10 12:33:45,115 - wilo_scraper.scraper.browser_manager - INFO - Trying simple Chrome setup...
2025-09-10 12:33:47,119 - wilo_scraper.scraper.browser_manager - INFO - ✅ Chrome opened successfully!
2025-09-10 12:33:47,146 - wilo_scraper.scraper.wilo_catalog_scraper - INFO - Navigating to Wilo catalog page...
2025-09-10 12:33:57,297 - wilo_scraper.scraper.browser_manager - INFO - Screenshot: logs/screenshots/catalog_step1_initial_page.png
2025-09-10 12:34:02,351 - wilo_scraper.scraper.wilo_catalog_scraper - INFO - === PROCESSING CARD 1 ===
2025-09-10 12:34:02,385 - wilo_scraper.scraper.wilo_catalog_scraper - INFO - Re-found 46 cards for iteration 1
2025-09-10 12:34:02,428 - wilo_scraper.scraper.wilo_catalog_scraper - INFO - Extracted card data for position 1
2025-09-10 12:34:02,475 - wilo_scraper.scraper.wilo_catalog_scraper - INFO - Clicked via link for card 1
2025-09-10 12:34:07,696 - wilo_scraper.scraper.browser_manager - INFO - Screenshot: logs/screenshots/catalog_product_0_page.png
2025-09-10 12:34:07,736 - wilo_scraper.scraper.wilo_catalog_scraper - INFO - Extracted real name from H1: Wilo-Atmos TERA-SCH
2025-09-10 12:34:07,825 - wilo_scraper.scraper.wilo_catalog_scraper - INFO - Extracted 2 images and 0 videos
2025-09-10 12:34:07,883 - wilo_scraper.scraper.wilo_catalog_scraper - INFO - Extracted short description: 1013 characters
2025-09-10 12:34:07,924 - wilo_scraper.scraper.wilo_catalog_scraper - INFO - Extracted 9 advantages
2025-09-10 12:34:07,936 - wilo_scraper.scraper.wilo_catalog_scraper - INFO - Extracted long description: 0 characters
2025-09-10 12:34:07,941 - wilo_scraper.scraper.wilo_catalog_scraper - INFO - 🔍 PRODUCT DEBUG for Wilo-Atmos TERA-SCH:
2025-09-10 12:34:07,941 - wilo_scraper.scraper.wilo_catalog_scraper - INFO -    Real name from H1: Wilo-Atmos TERA-SCH
2025-09-10 12:34:07,941 - wilo_scraper.scraper.wilo_catalog_scraper - INFO -    Short desc length: 1013 chars
2025-09-10 12:34:07,941 - wilo_scraper.scraper.wilo_catalog_scraper - INFO -    Advantages count: 9
2025-09-10 12:34:07,941 - wilo_scraper.scraper.wilo_catalog_scraper - INFO -    Product images: 2
2025-09-10 12:34:07,942 - wilo_scraper.scraper.wilo_catalog_scraper - INFO -    Short desc preview: Splitcase-Pumpe für einen zuverlässigen Betrieb und energieeffizienten Transport großer Volumenström...
2025-09-10 12:34:07,942 - wilo_scraper.scraper.wilo_catalog_scraper - INFO -    First advantage: Zuverlässiger Dauerbetrieb für eine effiziente Tri...
2025-09-10 12:34:11,035 - wilo_scraper.scraper.wilo_catalog_scraper - INFO - ✅ Successfully extracted: Wilo-Atmos TERA-SCH
2025-09-10 12:34:13,038 - wilo_scraper.scraper.wilo_catalog_scraper - INFO - === PROCESSING CARD 2 ===
2025-09-10 12:34:13,051 - wilo_scraper.scraper.wilo_catalog_scraper - INFO - Re-found 46 cards for iteration 2
2025-09-10 12:34:13,068 - wilo_scraper.scraper.wilo_catalog_scraper - INFO - Extracted card data for position 2
2025-09-10 12:34:13,110 - wilo_scraper.scraper.wilo_catalog_scraper - INFO - Clicked via link for card 2
2025-09-10 12:34:18,307 - wilo_scraper.scraper.browser_manager - INFO - Screenshot: logs/screenshots/catalog_product_1_page.png
2025-09-10 12:34:18,333 - wilo_scraper.scraper.wilo_catalog_scraper - INFO - Extracted real name from H1: Wilo-SCP
2025-09-10 12:34:18,385 - wilo_scraper.scraper.wilo_catalog_scraper - INFO - Extracted 1 images and 0 videos
2025-09-10 12:34:18,431 - wilo_scraper.scraper.wilo_catalog_scraper - INFO - Extracted short description: 27 characters
2025-09-10 12:34:18,475 - wilo_scraper.scraper.wilo_catalog_scraper - INFO - Extracted 5 advantages
2025-09-10 12:34:18,483 - wilo_scraper.scraper.wilo_catalog_scraper - INFO - Extracted long description: 0 characters
2025-09-10 12:34:18,486 - wilo_scraper.scraper.wilo_catalog_scraper - INFO - 🔍 PRODUCT DEBUG for Wilo-SCP:
2025-09-10 12:34:18,486 - wilo_scraper.scraper.wilo_catalog_scraper - INFO -    Real name from H1: Wilo-SCP
2025-09-10 12:34:18,486 - wilo_scraper.scraper.wilo_catalog_scraper - INFO -    Short desc length: 27 chars
2025-09-10 12:34:18,486 - wilo_scraper.scraper.wilo_catalog_scraper - INFO -    Advantages count: 5
2025-09-10 12:34:18,486 - wilo_scraper.scraper.wilo_catalog_scraper - INFO -    Product images: 1
2025-09-10 12:34:18,486 - wilo_scraper.scraper.wilo_catalog_scraper - INFO -    Short desc preview: Ihre Vorteile Ihre Vorteile...
2025-09-10 12:34:18,486 - wilo_scraper.scraper.wilo_catalog_scraper - INFO -    First advantage: Effiziente Hydraulik für große Fördermengen bis zu...
2025-09-10 12:34:21,635 - wilo_scraper.scraper.wilo_catalog_scraper - INFO - ✅ Successfully extracted: Wilo-SCP
2025-09-10 12:34:23,640 - wilo_scraper.scraper.wilo_catalog_scraper - INFO - === EXTRACTION COMPLETE ===
2025-09-10 12:34:23,641 - wilo_scraper.scraper.wilo_catalog_scraper - INFO - Successfully processed 2 out of 2 cards
2025-09-10 12:34:23,641 - wilo_scraper.scraper.wilo_catalog_scraper - INFO - Catalog scraping completed. Found 2 products
2025-09-10 12:34:23,641 - wilo_scraper.scraper.browser_manager - INFO - Closing browser...
2025-09-10 12:34:23,776 - wilo_scraper.scraper.browser_manager - INFO - ✅ Browser closed
