2025-09-08 08:07:40,744 - wilo_scraper - INFO - Logging initialized - logs/wilo_scraper_20250908_080740.log
2025-09-08 08:07:40,744 - wilo_scraper.__main__ - INFO - Starting Wilo Scraper Application
2025-09-08 08:07:45,168 - wilo_scraper.scraper.wilo_scraper - INFO - Starting scraping for country: germany
2025-09-08 08:07:45,169 - wilo_scraper.scraper.browser_manager - INFO - Setting up Chrome browser (simple mode)...
2025-09-08 08:07:45,169 - wilo_scraper.scraper.browser_manager - INFO - Trying simple Chrome setup...
2025-09-08 08:07:46,889 - wilo_scraper.scraper.browser_manager - INFO - ✅ Chrome opened successfully!
2025-09-08 08:07:46,890 - wilo_scraper.scraper.wilo_scraper - INFO - Navigating to Wilo website...
2025-09-08 08:07:59,205 - wilo_scraper.scraper.browser_manager - INFO - Screenshot: logs/screenshots/step1_initial_page.png
2025-09-08 08:07:59,209 - wilo_scraper.scraper.wilo_scraper - INFO - Looking for country span: Germany
2025-09-08 08:07:59,297 - wilo_scraper.scraper.browser_manager - INFO - Screenshot: logs/screenshots/step2_before_country.png
2025-09-08 08:08:00,346 - wilo_scraper.scraper.wilo_scraper - INFO - Successfully clicked country span: Germany
2025-09-08 08:08:02,485 - wilo_scraper.scraper.browser_manager - INFO - Screenshot: logs/screenshots/step3_after_country.png
2025-09-08 08:08:02,500 - wilo_scraper.scraper.wilo_scraper - INFO - Looking for Hydraulische Pumpenauswahl tile...
2025-09-08 08:08:07,622 - wilo_scraper.scraper.browser_manager - INFO - Screenshot: logs/screenshots/step4_looking_for_tiles.png
2025-09-08 08:08:07,679 - wilo_scraper.scraper.wilo_scraper - INFO - Found tile with keyword 'Hydraulische': Hydraulische Pumpenauswahl
2025-09-08 08:08:09,690 - wilo_scraper.scraper.wilo_scraper - INFO - Successfully clicked pump selection tile with JavaScript
2025-09-08 08:08:12,344 - wilo_scraper.scraper.browser_manager - INFO - Screenshot: logs/screenshots/step5_after_tile_click.png
2025-09-08 08:08:12,344 - wilo_scraper.scraper.wilo_scraper - INFO - Scraping category: 01. Heizung
2025-09-08 08:08:12,344 - wilo_scraper.scraper.wilo_scraper - INFO - Creating sample products for 01. Heizung
2025-09-08 08:08:13,856 - wilo_scraper.scraper.wilo_scraper - INFO - Found 3 products in category: 01. Heizung
2025-09-08 08:08:13,932 - wilo_scraper.scraper.wilo_scraper - INFO - Scraping category: 02. Trinkwarmwasser
2025-09-08 08:08:13,932 - wilo_scraper.scraper.wilo_scraper - INFO - Creating sample products for 02. Trinkwarmwasser
2025-09-08 08:08:15,486 - wilo_scraper.scraper.wilo_scraper - INFO - Found 3 products in category: 02. Trinkwarmwasser
2025-09-08 08:08:15,503 - wilo_scraper.scraper.wilo_scraper - INFO - Scraping category: 03. Kältetechnik
2025-09-08 08:08:15,507 - wilo_scraper.scraper.wilo_scraper - INFO - Creating sample products for 03. Kältetechnik
2025-09-08 08:08:17,018 - wilo_scraper.scraper.wilo_scraper - INFO - Found 3 products in category: 03. Kältetechnik
2025-09-08 08:08:17,019 - wilo_scraper.scraper.wilo_scraper - INFO - Scraping category: 04. Klimatechnik
2025-09-08 08:08:17,019 - wilo_scraper.scraper.wilo_scraper - INFO - Creating sample products for 04. Klimatechnik
2025-09-08 08:08:18,527 - wilo_scraper.scraper.wilo_scraper - INFO - Found 3 products in category: 04. Klimatechnik
2025-09-08 08:08:18,544 - wilo_scraper.scraper.wilo_scraper - INFO - Scraping category: 05. Regenwasser
2025-09-08 08:08:18,545 - wilo_scraper.scraper.wilo_scraper - INFO - Creating sample products for 05. Regenwasser
2025-09-08 08:08:20,056 - wilo_scraper.scraper.wilo_scraper - INFO - Found 3 products in category: 05. Regenwasser
2025-09-08 08:08:20,057 - wilo_scraper.scraper.wilo_scraper - INFO - Scraping category: 06. Wasserversorgung und Druckerhöhung
2025-09-08 08:08:20,057 - wilo_scraper.scraper.wilo_scraper - INFO - Creating sample products for 06. Wasserversorgung und Druckerhöhung
2025-09-08 08:08:21,572 - wilo_scraper.scraper.wilo_scraper - INFO - Found 3 products in category: 06. Wasserversorgung und Druckerhöhung
2025-09-08 08:08:21,573 - wilo_scraper.scraper.wilo_scraper - INFO - Scraping category: 07. Wasseraufbereitung
2025-09-08 08:08:21,575 - wilo_scraper.scraper.wilo_scraper - INFO - Creating sample products for 07. Wasseraufbereitung
2025-09-08 08:08:23,090 - wilo_scraper.scraper.wilo_scraper - INFO - Found 3 products in category: 07. Wasseraufbereitung
2025-09-08 08:08:23,098 - wilo_scraper.scraper.wilo_scraper - INFO - Scraping category: 08. Rohwasserentnahme
2025-09-08 08:08:23,098 - wilo_scraper.scraper.wilo_scraper - INFO - Creating sample products for 08. Rohwasserentnahme
2025-09-08 08:08:24,612 - wilo_scraper.scraper.wilo_scraper - INFO - Found 3 products in category: 08. Rohwasserentnahme
2025-09-08 08:08:24,628 - wilo_scraper.scraper.wilo_scraper - INFO - Scraping category: 09. Abwassersammlung und -transport
2025-09-08 08:08:24,628 - wilo_scraper.scraper.wilo_scraper - INFO - Creating sample products for 09. Abwassersammlung und -transport
2025-09-08 08:08:26,141 - wilo_scraper.scraper.wilo_scraper - INFO - Found 3 products in category: 09. Abwassersammlung und -transport
2025-09-08 08:08:26,188 - wilo_scraper.scraper.wilo_scraper - INFO - Scraping category: 10. Entwässerung (einschl. Hochwasserschutz)
2025-09-08 08:08:26,188 - wilo_scraper.scraper.wilo_scraper - INFO - Creating sample products for 10. Entwässerung (einschl. Hochwasserschutz)
2025-09-08 08:08:27,704 - wilo_scraper.scraper.wilo_scraper - INFO - Found 3 products in category: 10. Entwässerung (einschl. Hochwasserschutz)
2025-09-08 08:08:27,712 - wilo_scraper.scraper.wilo_scraper - INFO - Scraping category: 11. Löschwasserversorgung
2025-09-08 08:08:27,712 - wilo_scraper.scraper.wilo_scraper - INFO - Creating sample products for 11. Löschwasserversorgung
2025-09-08 08:08:29,227 - wilo_scraper.scraper.wilo_scraper - INFO - Found 3 products in category: 11. Löschwasserversorgung
2025-09-08 08:08:29,241 - wilo_scraper.scraper.wilo_scraper - INFO - Scraping category: 12. Kommerzielle Bewässerung und Landwirtschaft
2025-09-08 08:08:29,241 - wilo_scraper.scraper.wilo_scraper - INFO - Creating sample products for 12. Kommerzielle Bewässerung und Landwirtschaft
2025-09-08 08:08:30,757 - wilo_scraper.scraper.wilo_scraper - INFO - Found 3 products in category: 12. Kommerzielle Bewässerung und Landwirtschaft
2025-09-08 08:08:30,762 - wilo_scraper.scraper.wilo_scraper - INFO - Scraping category: 13. Abwasserbehandlung
2025-09-08 08:08:30,762 - wilo_scraper.scraper.wilo_scraper - INFO - Creating sample products for 13. Abwasserbehandlung
2025-09-08 08:08:32,272 - wilo_scraper.scraper.wilo_scraper - INFO - Found 3 products in category: 13. Abwasserbehandlung
2025-09-08 08:08:32,278 - wilo_scraper.scraper.wilo_scraper - INFO - Scraping completed. Found 39 products
2025-09-08 08:08:32,278 - wilo_scraper.scraper.browser_manager - INFO - Closing browser...
2025-09-08 08:08:32,440 - wilo_scraper.scraper.browser_manager - INFO - ✅ Browser closed
