2025-09-05 10:33:35,965 - wilo_scraper - INFO - Logging initialized - logs/wilo_scraper_20250905_103335.log
2025-09-05 10:33:35,965 - wilo_scraper.__main__ - INFO - Starting Wilo Scraper Application
2025-09-05 10:33:38,870 - wilo_scraper.scraper.wilo_scraper - INFO - Testing navigation...
2025-09-05 10:33:38,873 - wilo_scraper.scraper.browser_manager - INFO - Setting up Chrome browser...
2025-09-05 10:33:38,874 - wilo_scraper.scraper.browser_manager - INFO - Downloading/updating ChromeDriver...
2025-09-05 10:33:38,875 - WDM - INFO - ====== WebDriver manager ======
2025-09-05 10:33:39,186 - WDM - INFO - Get LATEST chromedriver version for google-chrome
2025-09-05 10:33:39,433 - WDM - INFO - Get LATEST chromedriver version for google-chrome
2025-09-05 10:33:39,676 - WDM - INFO - Driver [/Users/hilalahmad/.wdm/drivers/chromedriver/mac64/140.0.7339.80/chromedriver-mac-arm64/chromedriver] found in cache
2025-09-05 10:33:41,381 - wilo_scraper.scraper.browser_manager - INFO - Testing browser functionality...
2025-09-05 10:33:42,417 - wilo_scraper.scraper.browser_manager - INFO - Browser setup successful!
2025-09-05 10:33:50,051 - wilo_scraper.scraper.wilo_scraper - INFO - Navigation test completed successfully
2025-09-05 10:33:50,054 - wilo_scraper.scraper.browser_manager - INFO - Closing browser...
2025-09-05 10:33:50,135 - wilo_scraper.scraper.browser_manager - INFO - Browser closed successfully
2025-09-05 10:33:54,502 - wilo_scraper.scraper.wilo_scraper - INFO - Starting scraping for country: germany
2025-09-05 10:33:54,506 - wilo_scraper.scraper.browser_manager - INFO - Setting up Chrome browser...
2025-09-05 10:33:54,506 - wilo_scraper.scraper.browser_manager - INFO - Downloading/updating ChromeDriver...
2025-09-05 10:33:54,507 - WDM - INFO - ====== WebDriver manager ======
2025-09-05 10:33:54,698 - WDM - INFO - Get LATEST chromedriver version for google-chrome
2025-09-05 10:33:55,100 - WDM - INFO - Get LATEST chromedriver version for google-chrome
2025-09-05 10:33:55,280 - WDM - INFO - Driver [/Users/hilalahmad/.wdm/drivers/chromedriver/mac64/140.0.7339.80/chromedriver-mac-arm64/chromedriver] found in cache
2025-09-05 10:33:56,230 - wilo_scraper.scraper.browser_manager - INFO - Testing browser functionality...
2025-09-05 10:33:57,479 - wilo_scraper.scraper.browser_manager - INFO - Browser setup successful!
2025-09-05 10:33:57,480 - wilo_scraper.scraper.wilo_scraper - INFO - Navigating to Wilo website...
2025-09-05 10:34:34,898 - wilo_scraper.scraper.wilo_scraper - ERROR - Could not find country: Deutschland
2025-09-05 10:34:34,899 - wilo_scraper.scraper.wilo_scraper - ERROR - Scraping failed: Failed to select country
2025-09-05 10:34:34,943 - wilo_scraper.scraper.browser_manager - INFO - Closing browser...
2025-09-05 10:34:35,064 - wilo_scraper.scraper.browser_manager - INFO - Browser closed successfully
2025-09-05 10:34:54,234 - wilo_scraper.scraper.wilo_scraper - INFO - Starting scraping for country: germany
2025-09-05 10:34:54,237 - wilo_scraper.scraper.browser_manager - INFO - Setting up Chrome browser...
2025-09-05 10:34:54,237 - wilo_scraper.scraper.browser_manager - INFO - Downloading/updating ChromeDriver...
2025-09-05 10:34:54,237 - WDM - INFO - ====== WebDriver manager ======
2025-09-05 10:34:54,453 - WDM - INFO - Get LATEST chromedriver version for google-chrome
2025-09-05 10:34:54,712 - WDM - INFO - Get LATEST chromedriver version for google-chrome
2025-09-05 10:34:54,930 - WDM - INFO - Driver [/Users/hilalahmad/.wdm/drivers/chromedriver/mac64/140.0.7339.80/chromedriver-mac-arm64/chromedriver] found in cache
2025-09-05 10:34:56,186 - wilo_scraper.scraper.browser_manager - INFO - Testing browser functionality...
2025-09-05 10:34:57,507 - wilo_scraper.scraper.browser_manager - INFO - Browser setup successful!
2025-09-05 10:34:57,512 - wilo_scraper.scraper.wilo_scraper - INFO - Navigating to Wilo website...
2025-09-05 10:35:35,523 - wilo_scraper.scraper.wilo_scraper - ERROR - Could not find country: Deutschland
2025-09-05 10:35:35,524 - wilo_scraper.scraper.wilo_scraper - ERROR - Scraping failed: Failed to select country
2025-09-05 10:35:35,535 - wilo_scraper.scraper.browser_manager - INFO - Closing browser...
2025-09-05 10:35:35,639 - wilo_scraper.scraper.browser_manager - INFO - Browser closed successfully
