2025-09-09 07:35:43,483 - wilo_scraper - INFO - Logging initialized - logs/wilo_scraper_20250909_073543.log
2025-09-09 07:35:43,483 - wilo_scraper.__main__ - INFO - Starting Wilo Scraper Application
2025-09-09 07:35:47,472 - wilo_scraper.scraper.wilo_scraper - INFO - Starting enhanced scraping for country: germany
2025-09-09 07:35:47,476 - wilo_scraper.scraper.browser_manager - INFO - Setting up Chrome browser (simple mode)...
2025-09-09 07:35:47,476 - wilo_scraper.scraper.browser_manager - INFO - Trying simple Chrome setup...
2025-09-09 07:35:50,141 - wilo_scraper.scraper.browser_manager - INFO - ✅ Chrome opened successfully!
2025-09-09 07:35:50,144 - wilo_scraper.scraper.wilo_scraper - INFO - Navigating to Wilo website...
2025-09-09 07:36:02,459 - wilo_scraper.scraper.browser_manager - INFO - Screenshot: logs/screenshots/step1_initial_page.png
2025-09-09 07:36:02,460 - wilo_scraper.scraper.wilo_scraper - INFO - Looking for country span: Germany
2025-09-09 07:36:02,563 - wilo_scraper.scraper.browser_manager - INFO - Screenshot: logs/screenshots/step2_before_country.png
2025-09-09 07:36:03,632 - wilo_scraper.scraper.wilo_scraper - INFO - Successfully clicked country span: Germany
2025-09-09 07:36:05,778 - wilo_scraper.scraper.browser_manager - INFO - Screenshot: logs/screenshots/step3_after_country.png
2025-09-09 07:36:05,779 - wilo_scraper.scraper.wilo_scraper - INFO - Looking for Hydraulische Pumpenauswahl tile...
2025-09-09 07:36:05,779 - wilo_scraper.scraper.wilo_scraper - INFO - Waiting for page to fully load after country selection...
2025-09-09 07:36:05,779 - wilo_scraper.scraper.wilo_scraper - INFO - Waiting 5 seconds for tiles to appear...
2025-09-09 07:36:11,156 - wilo_scraper.scraper.browser_manager - INFO - Screenshot: logs/screenshots/step4_wait_5s.png
2025-09-09 07:36:11,245 - wilo_scraper.scraper.wilo_scraper - INFO - Found tile with keyword 'Hydraulische': Hydraulische Pumpenauswahl
2025-09-09 07:36:13,278 - wilo_scraper.scraper.wilo_scraper - INFO - Successfully clicked pump selection tile
2025-09-09 07:36:15,968 - wilo_scraper.scraper.browser_manager - INFO - Screenshot: logs/screenshots/step5_after_tile_click.png
2025-09-09 07:36:18,977 - wilo_scraper.scraper.wilo_scraper - INFO - After tile click, current URL: https://select.wilo.com/ApplRange.aspx
2025-09-09 07:36:18,977 - wilo_scraper.scraper.wilo_scraper - INFO - Extracting products from category: 01. Heizung
2025-09-09 07:36:19,132 - wilo_scraper.scraper.browser_manager - INFO - Screenshot: logs/screenshots/step6_category_0_start.png
2025-09-09 07:36:19,163 - wilo_scraper.scraper.wilo_scraper - INFO - Category dropdown not found or 01. Heizung already selected
2025-09-09 07:36:19,187 - wilo_scraper.scraper.wilo_scraper - INFO - Unchecked 'Bilder ausblenden' - Images should now be visible
2025-09-09 07:36:21,327 - wilo_scraper.scraper.browser_manager - INFO - Screenshot: logs/screenshots/step7_images_enabled.png
2025-09-09 07:36:21,327 - wilo_scraper.scraper.wilo_scraper - INFO - Found 3 subcategories for 01. Heizung
2025-09-09 07:36:21,327 - wilo_scraper.scraper.wilo_scraper - INFO - Processing subcategory 1/2: Umwälzpumpen
2025-09-09 07:36:21,358 - wilo_scraper.scraper.wilo_scraper - INFO - Clicked subcategory: Umwälzpumpen
2025-09-09 07:36:27,372 - wilo_scraper.scraper.wilo_scraper - INFO - Found 9 grid rows with selector: //tr[contains(@class, 'jqgrow')]
2025-09-09 07:36:27,397 - wilo_scraper.scraper.wilo_scraper - INFO - Enhanced extraction - Product: Atmos PICO plus
2025-09-09 07:36:27,413 - wilo_scraper.scraper.wilo_scraper - INFO - Enhanced extraction - Product: Stratos MAXO
2025-09-09 07:36:27,430 - wilo_scraper.scraper.wilo_scraper - INFO - Enhanced extraction - Product: Stratos MAXO-D
2025-09-09 07:36:27,456 - wilo_scraper.scraper.wilo_scraper - INFO - Enhanced extraction - Product: Stratos MAXO-Z
2025-09-09 07:36:27,470 - wilo_scraper.scraper.wilo_scraper - INFO - Enhanced extraction - Product: Stratos PICO plus
2025-09-09 07:36:27,484 - wilo_scraper.scraper.wilo_scraper - INFO - Enhanced extraction - Product: Varios PICO-STG
2025-09-09 07:36:27,498 - wilo_scraper.scraper.wilo_scraper - INFO - Enhanced extraction - Product: Yonos MAXO plus
2025-09-09 07:36:27,512 - wilo_scraper.scraper.wilo_scraper - INFO - Enhanced extraction - Product: Yonos PICO HU
2025-09-09 07:36:27,527 - wilo_scraper.scraper.wilo_scraper - INFO - Enhanced extraction - Product: Yonos PICO plus
2025-09-09 07:36:27,528 - wilo_scraper.scraper.wilo_scraper - INFO - Extracted 9 products from Umwälzpumpen
2025-09-09 07:36:27,689 - wilo_scraper.scraper.browser_manager - INFO - Screenshot: logs/screenshots/step7_cat0_sub0_products.png
2025-09-09 07:36:27,689 - wilo_scraper.scraper.wilo_scraper - INFO - Processing subcategory 2/2: Inline-Pumpen
2025-09-09 07:36:27,709 - wilo_scraper.scraper.wilo_scraper - INFO - Clicked subcategory: Inline-Pumpen
2025-09-09 07:36:33,724 - wilo_scraper.scraper.wilo_scraper - INFO - Found 13 grid rows with selector: //tr[contains(@class, 'jqgrow')]
2025-09-09 07:36:33,743 - wilo_scraper.scraper.wilo_scraper - INFO - Enhanced extraction - Product: Atmos GIGA-D
2025-09-09 07:36:33,756 - wilo_scraper.scraper.wilo_scraper - INFO - Enhanced extraction - Product: Atmos GIGA-I
2025-09-09 07:36:33,777 - wilo_scraper.scraper.wilo_scraper - INFO - Enhanced extraction - Product: CronoLine-IL-E
2025-09-09 07:36:33,791 - wilo_scraper.scraper.wilo_scraper - INFO - Enhanced extraction - Product: CronoTwin-DL-E
2025-09-09 07:36:33,806 - wilo_scraper.scraper.wilo_scraper - INFO - Enhanced extraction - Product: Stratos GIGA
2025-09-09 07:36:33,820 - wilo_scraper.scraper.wilo_scraper - INFO - Enhanced extraction - Product: Stratos GIGA-D
2025-09-09 07:36:33,834 - wilo_scraper.scraper.wilo_scraper - INFO - Enhanced extraction - Product: Stratos GIGA2.0-D
2025-09-09 07:36:33,852 - wilo_scraper.scraper.wilo_scraper - INFO - Enhanced extraction - Product: Stratos GIGA2.0-I
2025-09-09 07:36:33,867 - wilo_scraper.scraper.wilo_scraper - INFO - Enhanced extraction - Product: VeroLine-IPL
2025-09-09 07:36:33,882 - wilo_scraper.scraper.wilo_scraper - INFO - Enhanced extraction - Product: VeroTwin-DPL
2025-09-09 07:36:33,904 - wilo_scraper.scraper.wilo_scraper - INFO - Enhanced extraction - Product: Yonos GIGA2.0-D
2025-09-09 07:36:33,917 - wilo_scraper.scraper.wilo_scraper - INFO - Enhanced extraction - Product: Yonos GIGA2.0-I
2025-09-09 07:36:33,918 - wilo_scraper.scraper.wilo_scraper - INFO - Extracted 12 products from Inline-Pumpen
2025-09-09 07:36:34,060 - wilo_scraper.scraper.browser_manager - INFO - Screenshot: logs/screenshots/step7_cat0_sub1_products.png
2025-09-09 07:36:34,060 - wilo_scraper.scraper.wilo_scraper - INFO - Total extracted 21 products from 01. Heizung
2025-09-09 07:36:34,085 - wilo_scraper.scraper.wilo_scraper - INFO - Extracted 21 products from 01. Heizung
2025-09-09 07:36:36,103 - wilo_scraper.scraper.wilo_scraper - INFO - Enhanced scraping completed. Found 21 products total
2025-09-09 07:36:36,103 - wilo_scraper.scraper.browser_manager - INFO - Closing browser...
2025-09-09 07:36:36,226 - wilo_scraper.scraper.browser_manager - INFO - ✅ Browser closed
