2025-09-08 08:19:45,007 - wilo_scraper - INFO - Logging initialized - logs/wilo_scraper_20250908_081945.log
2025-09-08 08:19:45,007 - wilo_scraper.__main__ - INFO - Starting Wilo Scraper Application
2025-09-08 08:19:47,098 - wilo_scraper.scraper.wilo_scraper - INFO - Starting scraping for country: germany
2025-09-08 08:19:47,100 - wilo_scraper.scraper.browser_manager - INFO - Setting up Chrome browser (simple mode)...
2025-09-08 08:19:47,100 - wilo_scraper.scraper.browser_manager - INFO - Trying simple Chrome setup...
2025-09-08 08:19:50,123 - wilo_scraper.scraper.browser_manager - INFO - ✅ Chrome opened successfully!
2025-09-08 08:19:50,123 - wilo_scraper.scraper.wilo_scraper - INFO - Navigating to Wilo website...
2025-09-08 08:20:02,433 - wilo_scraper.scraper.browser_manager - INFO - Screenshot: logs/screenshots/step1_initial_page.png
2025-09-08 08:20:02,434 - wilo_scraper.scraper.wilo_scraper - INFO - Looking for country span: Germany
2025-09-08 08:20:02,517 - wilo_scraper.scraper.browser_manager - INFO - Screenshot: logs/screenshots/step2_before_country.png
2025-09-08 08:20:03,560 - wilo_scraper.scraper.wilo_scraper - INFO - Successfully clicked country span: Germany
2025-09-08 08:20:05,664 - wilo_scraper.scraper.browser_manager - INFO - Screenshot: logs/screenshots/step3_after_country.png
2025-09-08 08:20:05,664 - wilo_scraper.scraper.wilo_scraper - INFO - Looking for Hydraulische Pumpenauswahl tile...
2025-09-08 08:20:10,694 - wilo_scraper.scraper.wilo_scraper - ERROR - Could not find pump selection tile
2025-09-08 08:20:10,695 - wilo_scraper.scraper.wilo_scraper - ERROR - Scraping failed: Failed to navigate to pump selection
2025-09-08 08:20:10,696 - wilo_scraper.scraper.browser_manager - INFO - Closing browser...
2025-09-08 08:20:11,801 - wilo_scraper.scraper.browser_manager - INFO - ✅ Browser closed
2025-09-08 08:20:20,701 - wilo_scraper.scraper.wilo_scraper - INFO - Starting scraping for country: germany
2025-09-08 08:20:20,704 - wilo_scraper.scraper.browser_manager - INFO - Setting up Chrome browser (simple mode)...
2025-09-08 08:20:20,704 - wilo_scraper.scraper.browser_manager - INFO - Trying simple Chrome setup...
2025-09-08 08:20:22,423 - wilo_scraper.scraper.browser_manager - INFO - ✅ Chrome opened successfully!
2025-09-08 08:20:22,432 - wilo_scraper.scraper.wilo_scraper - INFO - Navigating to Wilo website...
2025-09-08 08:20:35,125 - wilo_scraper.scraper.browser_manager - INFO - Screenshot: logs/screenshots/step1_initial_page.png
2025-09-08 08:20:35,133 - wilo_scraper.scraper.wilo_scraper - INFO - Looking for country span: Germany
2025-09-08 08:20:35,217 - wilo_scraper.scraper.browser_manager - INFO - Screenshot: logs/screenshots/step2_before_country.png
2025-09-08 08:20:36,250 - wilo_scraper.scraper.wilo_scraper - INFO - Successfully clicked country span: Germany
2025-09-08 08:20:38,387 - wilo_scraper.scraper.browser_manager - INFO - Screenshot: logs/screenshots/step3_after_country.png
2025-09-08 08:20:38,387 - wilo_scraper.scraper.wilo_scraper - INFO - Looking for Hydraulische Pumpenauswahl tile...
2025-09-08 08:20:43,575 - wilo_scraper.scraper.wilo_scraper - ERROR - Could not find pump selection tile
2025-09-08 08:20:43,575 - wilo_scraper.scraper.wilo_scraper - ERROR - Scraping failed: Failed to navigate to pump selection
2025-09-08 08:20:43,575 - wilo_scraper.scraper.browser_manager - INFO - Closing browser...
2025-09-08 08:20:43,672 - wilo_scraper.scraper.browser_manager - INFO - ✅ Browser closed
