2025-09-09 07:43:09,828 - wilo_scraper - INFO - Logging initialized - logs/wilo_scraper_20250909_074309.log
2025-09-09 07:43:09,828 - wilo_scraper.__main__ - INFO - Starting Wilo Scraper Application
2025-09-09 07:43:14,512 - wilo_scraper.scraper.wilo_scraper - INFO - Starting enhanced scraping for country: germany
2025-09-09 07:43:14,516 - wilo_scraper.scraper.browser_manager - INFO - Setting up Chrome browser (simple mode)...
2025-09-09 07:43:14,516 - wilo_scraper.scraper.browser_manager - INFO - Trying simple Chrome setup...
2025-09-09 07:43:18,205 - wilo_scraper.scraper.browser_manager - INFO - ✅ Chrome opened successfully!
2025-09-09 07:43:18,218 - wilo_scraper.scraper.wilo_scraper - INFO - Navigating to Wilo website...
2025-09-09 07:43:32,667 - wilo_scraper.scraper.browser_manager - INFO - Screenshot: logs/screenshots/step1_initial_page.png
2025-09-09 07:43:32,711 - wilo_scraper.scraper.wilo_scraper - INFO - Looking for country span: Germany
2025-09-09 07:43:32,842 - wilo_scraper.scraper.browser_manager - INFO - Screenshot: logs/screenshots/step2_before_country.png
2025-09-09 07:43:33,914 - wilo_scraper.scraper.wilo_scraper - INFO - Successfully clicked country span: Germany
2025-09-09 07:43:36,093 - wilo_scraper.scraper.browser_manager - INFO - Screenshot: logs/screenshots/step3_after_country.png
2025-09-09 07:43:36,121 - wilo_scraper.scraper.wilo_scraper - INFO - Looking for Hydraulische Pumpenauswahl tile...
2025-09-09 07:43:36,122 - wilo_scraper.scraper.wilo_scraper - INFO - Waiting for page to fully load after country selection...
2025-09-09 07:43:36,122 - wilo_scraper.scraper.wilo_scraper - INFO - Waiting 5 seconds for tiles to appear...
2025-09-09 07:43:47,975 - wilo_scraper.scraper.browser_manager - INFO - Screenshot: logs/screenshots/step4_wait_5s.png
2025-09-09 07:43:48,044 - wilo_scraper.scraper.wilo_scraper - INFO - Found tile with keyword 'Hydraulische': Hydraulische Pumpenauswahl
2025-09-09 07:43:50,061 - wilo_scraper.scraper.wilo_scraper - INFO - Successfully clicked pump selection tile
2025-09-09 07:43:53,106 - wilo_scraper.scraper.browser_manager - INFO - Screenshot: logs/screenshots/step5_after_tile_click.png
2025-09-09 07:43:56,115 - wilo_scraper.scraper.wilo_scraper - INFO - After tile click, current URL: https://select.wilo.com/ApplRange.aspx
2025-09-09 07:43:56,116 - wilo_scraper.scraper.wilo_scraper - INFO - Extracting products from category: 01. Heizung
2025-09-09 07:43:56,244 - wilo_scraper.scraper.browser_manager - INFO - Screenshot: logs/screenshots/step6_category_0_start.png
2025-09-09 07:43:56,290 - wilo_scraper.scraper.wilo_scraper - INFO - Category dropdown not found or 01. Heizung already selected
2025-09-09 07:43:56,334 - wilo_scraper.scraper.wilo_scraper - INFO - Unchecked 'Bilder ausblenden' - Images should now be visible
2025-09-09 07:43:58,491 - wilo_scraper.scraper.browser_manager - INFO - Screenshot: logs/screenshots/step7_images_enabled.png
2025-09-09 07:43:58,491 - wilo_scraper.scraper.wilo_scraper - INFO - Found 3 subcategories for 01. Heizung
2025-09-09 07:43:58,491 - wilo_scraper.scraper.wilo_scraper - INFO - Processing subcategory 1/2: Umwälzpumpen
2025-09-09 07:43:58,529 - wilo_scraper.scraper.wilo_scraper - INFO - Clicked subcategory: Umwälzpumpen
2025-09-09 07:44:04,550 - wilo_scraper.scraper.wilo_scraper - INFO - Found 9 grid rows with selector: //tr[contains(@class, 'jqgrow')]
2025-09-09 07:44:04,600 - wilo_scraper.scraper.wilo_scraper - INFO - Enhanced extraction - Product: Atmos PICO plus
2025-09-09 07:44:04,623 - wilo_scraper.scraper.wilo_scraper - INFO - Enhanced extraction - Product: Stratos MAXO
2025-09-09 07:44:04,643 - wilo_scraper.scraper.wilo_scraper - INFO - Enhanced extraction - Product: Stratos MAXO-D
2025-09-09 07:44:04,662 - wilo_scraper.scraper.wilo_scraper - INFO - Enhanced extraction - Product: Stratos MAXO-Z
2025-09-09 07:44:04,681 - wilo_scraper.scraper.wilo_scraper - INFO - Enhanced extraction - Product: Stratos PICO plus
2025-09-09 07:44:04,705 - wilo_scraper.scraper.wilo_scraper - INFO - Enhanced extraction - Product: Varios PICO-STG
2025-09-09 07:44:04,721 - wilo_scraper.scraper.wilo_scraper - INFO - Enhanced extraction - Product: Yonos MAXO plus
2025-09-09 07:44:04,739 - wilo_scraper.scraper.wilo_scraper - INFO - Enhanced extraction - Product: Yonos PICO HU
2025-09-09 07:44:04,760 - wilo_scraper.scraper.wilo_scraper - INFO - Enhanced extraction - Product: Yonos PICO plus
2025-09-09 07:44:04,760 - wilo_scraper.scraper.wilo_scraper - INFO - Extracted 9 products from Umwälzpumpen
2025-09-09 07:44:04,939 - wilo_scraper.scraper.browser_manager - INFO - Screenshot: logs/screenshots/step7_cat0_sub0_products.png
2025-09-09 07:44:04,940 - wilo_scraper.scraper.wilo_scraper - INFO - Processing subcategory 2/2: Inline-Pumpen
2025-09-09 07:44:04,968 - wilo_scraper.scraper.wilo_scraper - INFO - Clicked subcategory: Inline-Pumpen
2025-09-09 07:44:10,989 - wilo_scraper.scraper.wilo_scraper - INFO - Found 13 grid rows with selector: //tr[contains(@class, 'jqgrow')]
2025-09-09 07:44:11,028 - wilo_scraper.scraper.wilo_scraper - INFO - Enhanced extraction - Product: Atmos GIGA-D
2025-09-09 07:44:11,064 - wilo_scraper.scraper.wilo_scraper - INFO - Enhanced extraction - Product: Atmos GIGA-I
2025-09-09 07:44:11,093 - wilo_scraper.scraper.wilo_scraper - INFO - Enhanced extraction - Product: CronoLine-IL-E
2025-09-09 07:44:11,112 - wilo_scraper.scraper.wilo_scraper - INFO - Enhanced extraction - Product: CronoTwin-DL-E
2025-09-09 07:44:11,139 - wilo_scraper.scraper.wilo_scraper - INFO - Enhanced extraction - Product: Stratos GIGA
2025-09-09 07:44:11,159 - wilo_scraper.scraper.wilo_scraper - INFO - Enhanced extraction - Product: Stratos GIGA-D
2025-09-09 07:44:11,178 - wilo_scraper.scraper.wilo_scraper - INFO - Enhanced extraction - Product: Stratos GIGA2.0-D
2025-09-09 07:44:11,204 - wilo_scraper.scraper.wilo_scraper - INFO - Enhanced extraction - Product: Stratos GIGA2.0-I
2025-09-09 07:44:11,224 - wilo_scraper.scraper.wilo_scraper - INFO - Enhanced extraction - Product: VeroLine-IPL
2025-09-09 07:44:11,244 - wilo_scraper.scraper.wilo_scraper - INFO - Enhanced extraction - Product: VeroTwin-DPL
2025-09-09 07:44:11,266 - wilo_scraper.scraper.wilo_scraper - INFO - Enhanced extraction - Product: Yonos GIGA2.0-D
2025-09-09 07:44:11,288 - wilo_scraper.scraper.wilo_scraper - INFO - Enhanced extraction - Product: Yonos GIGA2.0-I
2025-09-09 07:44:11,288 - wilo_scraper.scraper.wilo_scraper - INFO - Extracted 12 products from Inline-Pumpen
2025-09-09 07:44:11,495 - wilo_scraper.scraper.browser_manager - INFO - Screenshot: logs/screenshots/step7_cat0_sub1_products.png
2025-09-09 07:44:11,495 - wilo_scraper.scraper.wilo_scraper - INFO - Total extracted 21 products from 01. Heizung
2025-09-09 07:44:11,565 - wilo_scraper.scraper.wilo_scraper - INFO - Extracted 21 products from 01. Heizung
2025-09-09 07:44:13,572 - wilo_scraper.scraper.wilo_scraper - INFO - Enhanced scraping completed. Found 21 products total
2025-09-09 07:44:13,572 - wilo_scraper.scraper.browser_manager - INFO - Closing browser...
2025-09-09 07:44:13,681 - wilo_scraper.scraper.browser_manager - INFO - ✅ Browser closed
