2025-09-10 12:14:27,084 - wilo_scraper - INFO - Logging initialized - logs/wilo_scraper_20250910_121427.log
2025-09-10 12:14:27,084 - wilo_scraper.__main__ - INFO - Starting Wilo Scraper Application
2025-09-10 12:14:31,436 - wilo_scraper.scraper.wilo_catalog_scraper - INFO - Starting catalog scraping for max 2 products
2025-09-10 12:14:31,437 - wilo_scraper.scraper.browser_manager - INFO - Setting up Chrome browser (simple mode)...
2025-09-10 12:14:31,437 - wilo_scraper.scraper.browser_manager - INFO - Trying simple Chrome setup...
2025-09-10 12:14:41,856 - wilo_scraper.scraper.browser_manager - INFO - ✅ Chrome opened successfully!
2025-09-10 12:14:41,867 - wilo_scraper.scraper.wilo_catalog_scraper - INFO - Navigating to Wilo catalog page...
2025-09-10 12:14:51,530 - wilo_scraper.scraper.browser_manager - INFO - Screenshot: logs/screenshots/catalog_step1_initial_page.png
2025-09-10 12:14:56,552 - wilo_scraper.scraper.wilo_catalog_scraper - INFO - === PROCESSING CARD 1 ===
2025-09-10 12:14:56,592 - wilo_scraper.scraper.wilo_catalog_scraper - INFO - Re-found 46 cards for iteration 1
2025-09-10 12:14:56,612 - wilo_scraper.scraper.wilo_catalog_scraper - INFO - Extracted card data for position 1
2025-09-10 12:14:56,671 - wilo_scraper.scraper.wilo_catalog_scraper - INFO - Clicked via link for card 1
2025-09-10 12:15:01,837 - wilo_scraper.scraper.browser_manager - INFO - Screenshot: logs/screenshots/catalog_product_0_page.png
2025-09-10 12:15:01,860 - wilo_scraper.scraper.wilo_catalog_scraper - INFO - Extracted real name from H1: Wilo-Atmos TERA-SCH
2025-09-10 12:15:01,953 - wilo_scraper.scraper.wilo_catalog_scraper - INFO - Extracted 2 images and 0 videos
2025-09-10 12:15:02,018 - wilo_scraper.scraper.wilo_catalog_scraper - INFO - Extracted short description: 955 characters
2025-09-10 12:15:02,059 - wilo_scraper.scraper.wilo_catalog_scraper - INFO - Extracted 0 advantages
2025-09-10 12:15:02,073 - wilo_scraper.scraper.wilo_catalog_scraper - INFO - Extracted long description: 0 characters
2025-09-10 12:15:02,075 - wilo_scraper.scraper.wilo_catalog_scraper - INFO - 🔍 PRODUCT DEBUG for Wilo-Atmos TERA-SCH:
2025-09-10 12:15:02,075 - wilo_scraper.scraper.wilo_catalog_scraper - INFO -    Real name from H1: Wilo-Atmos TERA-SCH
2025-09-10 12:15:02,075 - wilo_scraper.scraper.wilo_catalog_scraper - INFO -    Short desc length: 955 chars
2025-09-10 12:15:02,075 - wilo_scraper.scraper.wilo_catalog_scraper - INFO -    Advantages count: 0
2025-09-10 12:15:02,075 - wilo_scraper.scraper.wilo_catalog_scraper - INFO -    Product images: 2
2025-09-10 12:15:02,075 - wilo_scraper.scraper.wilo_catalog_scraper - INFO -    Short desc preview: Splitcase-Pumpe für einen zuverlässigen Betrieb und energieeffizienten Transport großer Volumenström...
2025-09-10 12:15:05,154 - wilo_scraper.scraper.wilo_catalog_scraper - INFO - ✅ Successfully extracted: Wilo-Atmos TERA-SCH
2025-09-10 12:15:07,160 - wilo_scraper.scraper.wilo_catalog_scraper - INFO - === PROCESSING CARD 2 ===
2025-09-10 12:15:07,176 - wilo_scraper.scraper.wilo_catalog_scraper - INFO - Re-found 46 cards for iteration 2
2025-09-10 12:15:07,197 - wilo_scraper.scraper.wilo_catalog_scraper - INFO - Extracted card data for position 2
2025-09-10 12:15:07,228 - wilo_scraper.scraper.wilo_catalog_scraper - INFO - Clicked via link for card 2
2025-09-10 12:15:12,386 - wilo_scraper.scraper.browser_manager - INFO - Screenshot: logs/screenshots/catalog_product_1_page.png
2025-09-10 12:15:12,411 - wilo_scraper.scraper.wilo_catalog_scraper - INFO - Extracted real name from H1: Wilo-SCP
2025-09-10 12:15:12,476 - wilo_scraper.scraper.wilo_catalog_scraper - INFO - Extracted 1 images and 0 videos
2025-09-10 12:15:12,511 - wilo_scraper.scraper.wilo_catalog_scraper - INFO - Extracted short description: 27 characters
2025-09-10 12:15:12,536 - wilo_scraper.scraper.wilo_catalog_scraper - INFO - Extracted 4 advantages
2025-09-10 12:15:12,546 - wilo_scraper.scraper.wilo_catalog_scraper - INFO - Extracted long description: 0 characters
2025-09-10 12:15:12,549 - wilo_scraper.scraper.wilo_catalog_scraper - INFO - 🔍 PRODUCT DEBUG for Wilo-SCP:
2025-09-10 12:15:12,549 - wilo_scraper.scraper.wilo_catalog_scraper - INFO -    Real name from H1: Wilo-SCP
2025-09-10 12:15:12,549 - wilo_scraper.scraper.wilo_catalog_scraper - INFO -    Short desc length: 27 chars
2025-09-10 12:15:12,549 - wilo_scraper.scraper.wilo_catalog_scraper - INFO -    Advantages count: 4
2025-09-10 12:15:12,549 - wilo_scraper.scraper.wilo_catalog_scraper - INFO -    Product images: 1
2025-09-10 12:15:12,549 - wilo_scraper.scraper.wilo_catalog_scraper - INFO -    Short desc preview: Ihre Vorteile Ihre Vorteile...
2025-09-10 12:15:12,549 - wilo_scraper.scraper.wilo_catalog_scraper - INFO -    First advantage: Effiziente Hydraulik für große Fördermengen bis zu...
2025-09-10 12:15:15,607 - wilo_scraper.scraper.wilo_catalog_scraper - INFO - ✅ Successfully extracted: Wilo-SCP
2025-09-10 12:15:17,609 - wilo_scraper.scraper.wilo_catalog_scraper - INFO - === EXTRACTION COMPLETE ===
2025-09-10 12:15:17,609 - wilo_scraper.scraper.wilo_catalog_scraper - INFO - Successfully processed 2 out of 2 cards
2025-09-10 12:15:17,616 - wilo_scraper.scraper.wilo_catalog_scraper - INFO - Catalog scraping completed. Found 2 products
2025-09-10 12:15:17,617 - wilo_scraper.scraper.browser_manager - INFO - Closing browser...
2025-09-10 12:15:17,712 - wilo_scraper.scraper.browser_manager - INFO - ✅ Browser closed
