2025-09-09 07:12:42,489 - wilo_scraper - INFO - Logging initialized - logs/wilo_scraper_20250909_071242.log
2025-09-09 07:12:42,489 - wilo_scraper.__main__ - INFO - Starting Wilo Scraper Application
2025-09-09 07:12:48,877 - wilo_scraper.scraper.wilo_scraper - INFO - Starting enhanced scraping for country: germany
2025-09-09 07:12:48,879 - wilo_scraper.scraper.browser_manager - INFO - Setting up Chrome browser (simple mode)...
2025-09-09 07:12:48,879 - wilo_scraper.scraper.browser_manager - INFO - Trying simple Chrome setup...
2025-09-09 07:12:50,721 - wilo_scraper.scraper.browser_manager - INFO - ✅ Chrome opened successfully!
2025-09-09 07:12:50,739 - wilo_scraper.scraper.wilo_scraper - INFO - Navigating to Wilo website...
2025-09-09 07:13:03,866 - wilo_scraper.scraper.browser_manager - INFO - Screenshot: logs/screenshots/step1_initial_page.png
2025-09-09 07:13:03,866 - wilo_scraper.scraper.wilo_scraper - INFO - Looking for country span: Germany
2025-09-09 07:13:03,973 - wilo_scraper.scraper.browser_manager - INFO - Screenshot: logs/screenshots/step2_before_country.png
2025-09-09 07:13:05,010 - wilo_scraper.scraper.wilo_scraper - INFO - Successfully clicked country span: Germany
2025-09-09 07:13:07,142 - wilo_scraper.scraper.browser_manager - INFO - Screenshot: logs/screenshots/step3_after_country.png
2025-09-09 07:13:07,142 - wilo_scraper.scraper.wilo_scraper - INFO - Looking for Hydraulische Pumpenauswahl tile...
2025-09-09 07:13:07,142 - wilo_scraper.scraper.wilo_scraper - INFO - Waiting for page to fully load after country selection...
2025-09-09 07:13:07,142 - wilo_scraper.scraper.wilo_scraper - INFO - Waiting 5 seconds for tiles to appear...
2025-09-09 07:13:17,328 - wilo_scraper.scraper.browser_manager - INFO - Screenshot: logs/screenshots/step4_wait_5s.png
2025-09-09 07:13:17,449 - wilo_scraper.scraper.wilo_scraper - INFO - Found tile with keyword 'auswahl': Hydraulische Pumpenauswahl
2025-09-09 07:13:19,462 - wilo_scraper.scraper.wilo_scraper - INFO - Successfully clicked pump selection tile
2025-09-09 07:13:22,174 - wilo_scraper.scraper.browser_manager - INFO - Screenshot: logs/screenshots/step5_after_tile_click.png
2025-09-09 07:13:25,185 - wilo_scraper.scraper.wilo_scraper - INFO - After tile click, current URL: https://select.wilo.com/ApplRange.aspx
2025-09-09 07:13:25,185 - wilo_scraper.scraper.wilo_scraper - INFO - Extracting products from category: 01. Heizung
2025-09-09 07:13:25,305 - wilo_scraper.scraper.browser_manager - INFO - Screenshot: logs/screenshots/step6_category_0_start.png
2025-09-09 07:13:25,331 - wilo_scraper.scraper.wilo_scraper - INFO - Category dropdown not found or 01. Heizung already selected
2025-09-09 07:13:25,350 - wilo_scraper.scraper.wilo_scraper - INFO - Unchecked 'Bilder ausblenden' - Images should now be visible
2025-09-09 07:13:27,517 - wilo_scraper.scraper.browser_manager - INFO - Screenshot: logs/screenshots/step7_images_enabled.png
2025-09-09 07:13:27,517 - wilo_scraper.scraper.wilo_scraper - INFO - Found 3 subcategories for 01. Heizung
2025-09-09 07:13:27,517 - wilo_scraper.scraper.wilo_scraper - INFO - Processing subcategory 1/2: Umwälzpumpen
2025-09-09 07:13:27,584 - wilo_scraper.scraper.wilo_scraper - INFO - Clicked subcategory: Umwälzpumpen
2025-09-09 07:13:33,606 - wilo_scraper.scraper.wilo_scraper - INFO - Found 9 grid rows with selector: //tr[contains(@class, 'jqgrow')]
2025-09-09 07:13:33,646 - wilo_scraper.scraper.wilo_scraper - INFO - Enhanced extraction - Product: Atmos PICO plus
2025-09-09 07:13:33,678 - wilo_scraper.scraper.wilo_scraper - INFO - Enhanced extraction - Product: Stratos MAXO
2025-09-09 07:13:33,696 - wilo_scraper.scraper.wilo_scraper - INFO - Enhanced extraction - Product: Stratos MAXO-D
2025-09-09 07:13:33,710 - wilo_scraper.scraper.wilo_scraper - INFO - Enhanced extraction - Product: Stratos MAXO-Z
2025-09-09 07:13:33,724 - wilo_scraper.scraper.wilo_scraper - INFO - Enhanced extraction - Product: Stratos PICO plus
2025-09-09 07:13:33,737 - wilo_scraper.scraper.wilo_scraper - INFO - Enhanced extraction - Product: Varios PICO-STG
2025-09-09 07:13:33,753 - wilo_scraper.scraper.wilo_scraper - INFO - Enhanced extraction - Product: Yonos MAXO plus
2025-09-09 07:13:33,770 - wilo_scraper.scraper.wilo_scraper - INFO - Enhanced extraction - Product: Yonos PICO HU
2025-09-09 07:13:33,786 - wilo_scraper.scraper.wilo_scraper - INFO - Enhanced extraction - Product: Yonos PICO plus
2025-09-09 07:13:33,786 - wilo_scraper.scraper.wilo_scraper - INFO - Extracted 9 products from Umwälzpumpen
2025-09-09 07:13:33,937 - wilo_scraper.scraper.browser_manager - INFO - Screenshot: logs/screenshots/step7_cat0_sub0_products.png
2025-09-09 07:13:33,938 - wilo_scraper.scraper.wilo_scraper - INFO - Processing subcategory 2/2: Inline-Pumpen
2025-09-09 07:13:33,971 - wilo_scraper.scraper.wilo_scraper - INFO - Clicked subcategory: Inline-Pumpen
2025-09-09 07:13:39,985 - wilo_scraper.scraper.wilo_scraper - INFO - Found 13 grid rows with selector: //tr[contains(@class, 'jqgrow')]
2025-09-09 07:13:40,002 - wilo_scraper.scraper.wilo_scraper - INFO - Enhanced extraction - Product: Atmos GIGA-D
2025-09-09 07:13:40,018 - wilo_scraper.scraper.wilo_scraper - INFO - Enhanced extraction - Product: Atmos GIGA-I
2025-09-09 07:13:40,037 - wilo_scraper.scraper.wilo_scraper - INFO - Enhanced extraction - Product: CronoLine-IL-E
2025-09-09 07:13:40,052 - wilo_scraper.scraper.wilo_scraper - INFO - Enhanced extraction - Product: CronoTwin-DL-E
2025-09-09 07:13:40,070 - wilo_scraper.scraper.wilo_scraper - INFO - Enhanced extraction - Product: Stratos GIGA
2025-09-09 07:13:40,086 - wilo_scraper.scraper.wilo_scraper - INFO - Enhanced extraction - Product: Stratos GIGA-D
2025-09-09 07:13:40,101 - wilo_scraper.scraper.wilo_scraper - INFO - Enhanced extraction - Product: Stratos GIGA2.0-D
2025-09-09 07:13:40,118 - wilo_scraper.scraper.wilo_scraper - INFO - Enhanced extraction - Product: Stratos GIGA2.0-I
2025-09-09 07:13:40,132 - wilo_scraper.scraper.wilo_scraper - INFO - Enhanced extraction - Product: VeroLine-IPL
2025-09-09 07:13:40,146 - wilo_scraper.scraper.wilo_scraper - INFO - Enhanced extraction - Product: VeroTwin-DPL
2025-09-09 07:13:40,163 - wilo_scraper.scraper.wilo_scraper - INFO - Enhanced extraction - Product: Yonos GIGA2.0-D
2025-09-09 07:13:40,180 - wilo_scraper.scraper.wilo_scraper - INFO - Enhanced extraction - Product: Yonos GIGA2.0-I
2025-09-09 07:13:40,180 - wilo_scraper.scraper.wilo_scraper - INFO - Extracted 12 products from Inline-Pumpen
2025-09-09 07:13:40,322 - wilo_scraper.scraper.browser_manager - INFO - Screenshot: logs/screenshots/step7_cat0_sub1_products.png
2025-09-09 07:13:40,323 - wilo_scraper.scraper.wilo_scraper - INFO - Total extracted 21 products from 01. Heizung
2025-09-09 07:13:40,336 - wilo_scraper.scraper.wilo_scraper - INFO - Extracted 21 products from 01. Heizung
2025-09-09 07:13:42,368 - wilo_scraper.scraper.wilo_scraper - INFO - Enhanced scraping completed. Found 21 products total
2025-09-09 07:13:42,368 - wilo_scraper.scraper.browser_manager - INFO - Closing browser...
2025-09-09 07:13:42,589 - wilo_scraper.scraper.browser_manager - INFO - ✅ Browser closed
