2025-09-10 09:12:44,387 - wilo_scraper - INFO - Logging initialized - logs/wilo_scraper_20250910_091244.log
2025-09-10 09:12:44,387 - wilo_scraper.__main__ - INFO - Starting Wilo Scraper Application
2025-09-10 09:13:00,402 - wilo_scraper.scraper.wilo_catalog_scraper - INFO - Starting catalog scraping for max 2 products
2025-09-10 09:13:00,554 - wilo_scraper.scraper.browser_manager - INFO - Setting up Chrome browser (simple mode)...
2025-09-10 09:13:00,614 - wilo_scraper.scraper.browser_manager - INFO - Trying simple Chrome setup...
2025-09-10 09:13:09,658 - wilo_scraper.scraper.browser_manager - INFO - ✅ Chrome opened successfully!
2025-09-10 09:13:09,668 - wilo_scraper.scraper.wilo_catalog_scraper - INFO - Navigating to Wilo catalog page...
2025-09-10 09:13:19,930 - wilo_scraper.scraper.browser_manager - INFO - Screenshot: logs/screenshots/catalog_step1_initial_page.png
2025-09-10 09:13:24,977 - wilo_scraper.scraper.wilo_catalog_scraper - INFO - === PROCESSING CARD 1 ===
2025-09-10 09:13:25,064 - wilo_scraper.scraper.wilo_catalog_scraper - INFO - Re-found 46 cards for iteration 1
2025-09-10 09:13:25,095 - wilo_scraper.scraper.wilo_catalog_scraper - INFO - Extracted card data for position 1
2025-09-10 09:13:25,211 - wilo_scraper.scraper.wilo_catalog_scraper - INFO - Clicked via link for card 1
2025-09-10 09:13:30,363 - wilo_scraper.scraper.browser_manager - INFO - Screenshot: logs/screenshots/catalog_product_0_page.png
2025-09-10 09:13:30,391 - wilo_scraper.scraper.wilo_catalog_scraper - INFO - Extracted real name from H1: Wilo-Atmos TERA-SCH
2025-09-10 09:13:30,509 - wilo_scraper.scraper.wilo_catalog_scraper - INFO - Extracted 2 images and 0 videos
2025-09-10 09:13:30,580 - wilo_scraper.scraper.wilo_catalog_scraper - INFO - Extracted short description: 1013 characters
2025-09-10 09:13:30,633 - wilo_scraper.scraper.wilo_catalog_scraper - INFO - Extracted 9 advantages
2025-09-10 09:13:30,646 - wilo_scraper.scraper.wilo_catalog_scraper - INFO - Extracted long description: 0 characters
2025-09-10 09:13:30,650 - wilo_scraper.scraper.wilo_catalog_scraper - INFO - 🔍 PRODUCT DEBUG for Wilo-Atmos TERA-SCH:
2025-09-10 09:13:30,650 - wilo_scraper.scraper.wilo_catalog_scraper - INFO -    Real name from H1: Wilo-Atmos TERA-SCH
2025-09-10 09:13:30,650 - wilo_scraper.scraper.wilo_catalog_scraper - INFO -    Short desc length: 1013 chars
2025-09-10 09:13:30,650 - wilo_scraper.scraper.wilo_catalog_scraper - INFO -    Advantages count: 9
2025-09-10 09:13:30,650 - wilo_scraper.scraper.wilo_catalog_scraper - INFO -    Product images: 2
2025-09-10 09:13:30,650 - wilo_scraper.scraper.wilo_catalog_scraper - INFO -    Short desc preview: Splitcase-Pumpe für einen zuverlässigen Betrieb und energieeffizienten Transport großer Volumenström...
2025-09-10 09:13:30,650 - wilo_scraper.scraper.wilo_catalog_scraper - INFO -    First advantage: Zuverlässiger Dauerbetrieb für eine effiziente Tri...
2025-09-10 09:13:33,765 - wilo_scraper.scraper.wilo_catalog_scraper - INFO - ✅ Successfully extracted: Wilo-Atmos TERA-SCH
2025-09-10 09:13:35,771 - wilo_scraper.scraper.wilo_catalog_scraper - INFO - === PROCESSING CARD 2 ===
2025-09-10 09:13:35,790 - wilo_scraper.scraper.wilo_catalog_scraper - INFO - Re-found 46 cards for iteration 2
2025-09-10 09:13:35,816 - wilo_scraper.scraper.wilo_catalog_scraper - INFO - Extracted card data for position 2
2025-09-10 09:13:35,850 - wilo_scraper.scraper.wilo_catalog_scraper - INFO - Clicked via link for card 2
2025-09-10 09:13:41,028 - wilo_scraper.scraper.browser_manager - INFO - Screenshot: logs/screenshots/catalog_product_1_page.png
2025-09-10 09:13:41,056 - wilo_scraper.scraper.wilo_catalog_scraper - INFO - Extracted real name from H1: Wilo-SCP
2025-09-10 09:13:41,110 - wilo_scraper.scraper.wilo_catalog_scraper - INFO - Extracted 1 images and 0 videos
2025-09-10 09:13:41,147 - wilo_scraper.scraper.wilo_catalog_scraper - INFO - Extracted short description: 27 characters
2025-09-10 09:13:41,207 - wilo_scraper.scraper.wilo_catalog_scraper - INFO - Extracted 5 advantages
2025-09-10 09:13:41,218 - wilo_scraper.scraper.wilo_catalog_scraper - INFO - Extracted long description: 0 characters
2025-09-10 09:13:41,221 - wilo_scraper.scraper.wilo_catalog_scraper - INFO - 🔍 PRODUCT DEBUG for Wilo-SCP:
2025-09-10 09:13:41,221 - wilo_scraper.scraper.wilo_catalog_scraper - INFO -    Real name from H1: Wilo-SCP
2025-09-10 09:13:41,221 - wilo_scraper.scraper.wilo_catalog_scraper - INFO -    Short desc length: 27 chars
2025-09-10 09:13:41,221 - wilo_scraper.scraper.wilo_catalog_scraper - INFO -    Advantages count: 5
2025-09-10 09:13:41,221 - wilo_scraper.scraper.wilo_catalog_scraper - INFO -    Product images: 1
2025-09-10 09:13:41,221 - wilo_scraper.scraper.wilo_catalog_scraper - INFO -    Short desc preview: Ihre Vorteile Ihre Vorteile...
2025-09-10 09:13:41,221 - wilo_scraper.scraper.wilo_catalog_scraper - INFO -    First advantage: Effiziente Hydraulik für große Fördermengen bis zu...
2025-09-10 09:13:44,279 - wilo_scraper.scraper.wilo_catalog_scraper - INFO - ✅ Successfully extracted: Wilo-SCP
2025-09-10 09:13:46,280 - wilo_scraper.scraper.wilo_catalog_scraper - INFO - === EXTRACTION COMPLETE ===
2025-09-10 09:13:46,280 - wilo_scraper.scraper.wilo_catalog_scraper - INFO - Successfully processed 2 out of 2 cards
2025-09-10 09:13:46,301 - wilo_scraper.scraper.wilo_catalog_scraper - INFO - Catalog scraping completed. Found 2 products
2025-09-10 09:13:46,301 - wilo_scraper.scraper.browser_manager - INFO - Closing browser...
2025-09-10 09:13:46,400 - wilo_scraper.scraper.browser_manager - INFO - ✅ Browser closed
