2025-09-08 08:06:39,528 - wilo_scraper - INFO - Logging initialized - logs/wilo_scraper_20250908_080639.log
2025-09-08 08:06:39,528 - wilo_scraper.__main__ - INFO - Starting Wilo Scraper Application
2025-09-08 08:06:41,552 - wilo_scraper.scraper.wilo_scraper - INFO - Starting scraping for country: germany
2025-09-08 08:06:41,554 - wilo_scraper.scraper.browser_manager - INFO - Setting up Chrome browser (simple mode)...
2025-09-08 08:06:41,554 - wilo_scraper.scraper.browser_manager - INFO - Trying simple Chrome setup...
2025-09-08 08:06:43,368 - wilo_scraper.scraper.browser_manager - INFO - ✅ Chrome opened successfully!
2025-09-08 08:06:43,368 - wilo_scraper.scraper.wilo_scraper - INFO - Navigating to Wilo website...
2025-09-08 08:06:56,231 - wilo_scraper.scraper.browser_manager - INFO - Screenshot: logs/screenshots/step1_initial_page.png
2025-09-08 08:06:56,248 - wilo_scraper.scraper.wilo_scraper - INFO - Looking for country span: Germany
2025-09-08 08:06:56,343 - wilo_scraper.scraper.browser_manager - INFO - Screenshot: logs/screenshots/step2_before_country.png
2025-09-08 08:06:57,386 - wilo_scraper.scraper.wilo_scraper - INFO - Successfully clicked country span: Germany
2025-09-08 08:06:59,522 - wilo_scraper.scraper.browser_manager - INFO - Screenshot: logs/screenshots/step3_after_country.png
2025-09-08 08:06:59,523 - wilo_scraper.scraper.wilo_scraper - INFO - Looking for Hydraulische Pumpenauswahl tile...
2025-09-08 08:07:05,213 - wilo_scraper.scraper.browser_manager - INFO - Screenshot: logs/screenshots/step4_looking_for_tiles.png
2025-09-08 08:07:05,280 - wilo_scraper.scraper.wilo_scraper - INFO - Found tile with keyword 'Hydraulische': Hydraulische Pumpenauswahl
2025-09-08 08:07:07,292 - wilo_scraper.scraper.wilo_scraper - INFO - Successfully clicked pump selection tile with JavaScript
2025-09-08 08:07:10,319 - wilo_scraper.scraper.browser_manager - INFO - Screenshot: logs/screenshots/step5_after_tile_click.png
2025-09-08 08:07:10,320 - wilo_scraper.scraper.wilo_scraper - INFO - Scraping category: 01. Heizung
2025-09-08 08:07:10,320 - wilo_scraper.scraper.wilo_scraper - INFO - Creating sample products for 01. Heizung
2025-09-08 08:07:11,829 - wilo_scraper.scraper.wilo_scraper - INFO - Found 3 products in category: 01. Heizung
2025-09-08 08:07:11,841 - wilo_scraper.scraper.wilo_scraper - INFO - Scraping category: 02. Trinkwarmwasser
2025-09-08 08:07:11,841 - wilo_scraper.scraper.wilo_scraper - INFO - Creating sample products for 02. Trinkwarmwasser
2025-09-08 08:07:13,354 - wilo_scraper.scraper.wilo_scraper - INFO - Found 3 products in category: 02. Trinkwarmwasser
2025-09-08 08:07:13,355 - wilo_scraper.scraper.wilo_scraper - INFO - Scraping category: 03. Kältetechnik
2025-09-08 08:07:13,356 - wilo_scraper.scraper.wilo_scraper - INFO - Creating sample products for 03. Kältetechnik
2025-09-08 08:07:14,867 - wilo_scraper.scraper.wilo_scraper - INFO - Found 3 products in category: 03. Kältetechnik
2025-09-08 08:07:14,902 - wilo_scraper.scraper.wilo_scraper - INFO - Scraping category: 04. Klimatechnik
2025-09-08 08:07:14,906 - wilo_scraper.scraper.wilo_scraper - INFO - Creating sample products for 04. Klimatechnik
2025-09-08 08:07:16,417 - wilo_scraper.scraper.wilo_scraper - INFO - Found 3 products in category: 04. Klimatechnik
2025-09-08 08:07:16,418 - wilo_scraper.scraper.wilo_scraper - INFO - Scraping category: 05. Regenwasser
2025-09-08 08:07:16,418 - wilo_scraper.scraper.wilo_scraper - INFO - Creating sample products for 05. Regenwasser
2025-09-08 08:07:17,932 - wilo_scraper.scraper.wilo_scraper - INFO - Found 3 products in category: 05. Regenwasser
2025-09-08 08:07:17,932 - wilo_scraper.scraper.wilo_scraper - INFO - Scraping category: 06. Wasserversorgung und Druckerhöhung
2025-09-08 08:07:17,932 - wilo_scraper.scraper.wilo_scraper - INFO - Creating sample products for 06. Wasserversorgung und Druckerhöhung
2025-09-08 08:07:19,446 - wilo_scraper.scraper.wilo_scraper - INFO - Found 3 products in category: 06. Wasserversorgung und Druckerhöhung
2025-09-08 08:07:19,494 - wilo_scraper.scraper.wilo_scraper - INFO - Scraping category: 07. Wasseraufbereitung
2025-09-08 08:07:19,494 - wilo_scraper.scraper.wilo_scraper - INFO - Creating sample products for 07. Wasseraufbereitung
2025-09-08 08:07:21,006 - wilo_scraper.scraper.wilo_scraper - INFO - Found 3 products in category: 07. Wasseraufbereitung
2025-09-08 08:07:21,007 - wilo_scraper.scraper.wilo_scraper - INFO - Scraping category: 08. Rohwasserentnahme
2025-09-08 08:07:21,007 - wilo_scraper.scraper.wilo_scraper - INFO - Creating sample products for 08. Rohwasserentnahme
2025-09-08 08:07:22,522 - wilo_scraper.scraper.wilo_scraper - INFO - Found 3 products in category: 08. Rohwasserentnahme
2025-09-08 08:07:22,523 - wilo_scraper.scraper.wilo_scraper - INFO - Scraping category: 09. Abwassersammlung und -transport
2025-09-08 08:07:22,523 - wilo_scraper.scraper.wilo_scraper - INFO - Creating sample products for 09. Abwassersammlung und -transport
2025-09-08 08:07:24,037 - wilo_scraper.scraper.wilo_scraper - INFO - Found 3 products in category: 09. Abwassersammlung und -transport
2025-09-08 08:07:24,042 - wilo_scraper.scraper.wilo_scraper - INFO - Scraping category: 10. Entwässerung (einschl. Hochwasserschutz)
2025-09-08 08:07:24,043 - wilo_scraper.scraper.wilo_scraper - INFO - Creating sample products for 10. Entwässerung (einschl. Hochwasserschutz)
2025-09-08 08:07:25,558 - wilo_scraper.scraper.wilo_scraper - INFO - Found 3 products in category: 10. Entwässerung (einschl. Hochwasserschutz)
2025-09-08 08:07:25,559 - wilo_scraper.scraper.wilo_scraper - INFO - Scraping category: 11. Löschwasserversorgung
2025-09-08 08:07:25,559 - wilo_scraper.scraper.wilo_scraper - INFO - Creating sample products for 11. Löschwasserversorgung
2025-09-08 08:07:27,071 - wilo_scraper.scraper.wilo_scraper - INFO - Found 3 products in category: 11. Löschwasserversorgung
2025-09-08 08:07:27,080 - wilo_scraper.scraper.wilo_scraper - INFO - Scraping category: 12. Kommerzielle Bewässerung und Landwirtschaft
2025-09-08 08:07:27,080 - wilo_scraper.scraper.wilo_scraper - INFO - Creating sample products for 12. Kommerzielle Bewässerung und Landwirtschaft
2025-09-08 08:07:28,592 - wilo_scraper.scraper.wilo_scraper - INFO - Found 3 products in category: 12. Kommerzielle Bewässerung und Landwirtschaft
2025-09-08 08:07:28,643 - wilo_scraper.scraper.wilo_scraper - INFO - Scraping category: 13. Abwasserbehandlung
2025-09-08 08:07:28,643 - wilo_scraper.scraper.wilo_scraper - INFO - Creating sample products for 13. Abwasserbehandlung
2025-09-08 08:07:30,158 - wilo_scraper.scraper.wilo_scraper - INFO - Found 3 products in category: 13. Abwasserbehandlung
2025-09-08 08:07:30,160 - wilo_scraper.scraper.wilo_scraper - INFO - Scraping completed. Found 39 products
2025-09-08 08:07:30,160 - wilo_scraper.scraper.browser_manager - INFO - Closing browser...
2025-09-08 08:07:30,339 - wilo_scraper.scraper.browser_manager - INFO - ✅ Browser closed
