2025-09-05 09:22:35,053 - INFO - Starting product scraping...
2025-09-05 09:22:35,098 - INFO - 🔧 Setting up Chrome browser...
2025-09-05 09:22:35,128 - INFO - 📥 Downloading/updating ChromeDriver...
2025-09-05 09:22:35,129 - INFO - ====== WebDriver manager ======
2025-09-05 09:22:35,419 - INFO - Get LATEST chromedriver version for google-chrome
2025-09-05 09:22:35,888 - INFO - Get LATEST chromedriver version for google-chrome
2025-09-05 09:22:36,093 - INFO - There is no [mac64] chromedriver "140.0.7339.80" for browser google-chrome "140.0.7339" in cache
2025-09-05 09:22:36,102 - INFO - Get LATEST chromedriver version for google-chrome
2025-09-05 09:22:36,778 - INFO - WebDriver version 140.0.7339.80 selected
2025-09-05 09:22:36,781 - INFO - Modern chrome version https://storage.googleapis.com/chrome-for-testing-public/140.0.7339.80/mac-arm64/chromedriver-mac-arm64.zip
2025-09-05 09:22:36,781 - INFO - About to download new driver from https://storage.googleapis.com/chrome-for-testing-public/140.0.7339.80/mac-arm64/chromedriver-mac-arm64.zip
2025-09-05 09:22:37,155 - INFO - Driver downloading response is 200
2025-09-05 09:22:38,725 - INFO - Get LATEST chromedriver version for google-chrome
2025-09-05 09:22:39,077 - INFO - Driver has been saved in cache [/Users/hilalahmad/.wdm/drivers/chromedriver/mac64/140.0.7339.80]
2025-09-05 09:22:41,471 - INFO - 🧪 Testing browser functionality...
2025-09-05 09:22:42,268 - INFO - ✅ Browser setup successful!
2025-09-05 09:22:49,516 - INFO - 🌍 Selecting country: Germany
2025-09-05 09:22:49,545 - INFO - Trying direct link text: Germany
2025-09-05 09:23:10,163 - INFO - Trying partial link text: Germany
2025-09-05 09:23:30,769 - INFO - Trying XPath search for: Germany
2025-09-05 09:24:11,049 - WARNING - Connection pool is full, discarding connection: localhost. Connection pool size: 1
2025-09-05 09:24:11,051 - INFO - Scraping stopped by user
2025-09-05 09:24:11,051 - INFO - Trying dropdown/select elements...
2025-09-05 09:24:11,052 - WARNING - Retrying (Retry(total=2, connect=None, read=None, redirect=None, status=None)) after connection broken by 'NewConnectionError('<urllib3.connection.HTTPConnection object at 0x108c97890>: Failed to establish a new connection: [Errno 61] Connection refused')': /session/f9166b3ae365054b56e15359cf9e5fb6/elements
2025-09-05 09:24:11,052 - WARNING - Retrying (Retry(total=1, connect=None, read=None, redirect=None, status=None)) after connection broken by 'NewConnectionError('<urllib3.connection.HTTPConnection object at 0x108cb6c40>: Failed to establish a new connection: [Errno 61] Connection refused')': /session/f9166b3ae365054b56e15359cf9e5fb6/elements
2025-09-05 09:24:11,053 - WARNING - Retrying (Retry(total=0, connect=None, read=None, redirect=None, status=None)) after connection broken by 'NewConnectionError('<urllib3.connection.HTTPConnection object at 0x108cb6d70>: Failed to establish a new connection: [Errno 61] Connection refused')': /session/f9166b3ae365054b56e15359cf9e5fb6/elements
2025-09-05 09:24:11,054 - WARNING - Retrying (Retry(total=2, connect=None, read=None, redirect=None, status=None)) after connection broken by 'NewConnectionError('<urllib3.connection.HTTPConnection object at 0x108c778a0>: Failed to establish a new connection: [Errno 61] Connection refused')': /session/f9166b3ae365054b56e15359cf9e5fb6/screenshot
2025-09-05 09:24:11,055 - WARNING - Retrying (Retry(total=1, connect=None, read=None, redirect=None, status=None)) after connection broken by 'NewConnectionError('<urllib3.connection.HTTPConnection object at 0x108c77ac0>: Failed to establish a new connection: [Errno 61] Connection refused')': /session/f9166b3ae365054b56e15359cf9e5fb6/screenshot
2025-09-05 09:24:11,060 - WARNING - Retrying (Retry(total=0, connect=None, read=None, redirect=None, status=None)) after connection broken by 'NewConnectionError('<urllib3.connection.HTTPConnection object at 0x108c77ce0>: Failed to establish a new connection: [Errno 61] Connection refused')': /session/f9166b3ae365054b56e15359cf9e5fb6/screenshot
2025-09-05 09:24:11,079 - INFO - ❌ Error selecting country: Could not find country selection for: Germany
2025-09-05 09:24:11,079 - WARNING - Retrying (Retry(total=2, connect=None, read=None, redirect=None, status=None)) after connection broken by 'NewConnectionError('<urllib3.connection.HTTPConnection object at 0x108d4c270>: Failed to establish a new connection: [Errno 61] Connection refused')': /session/f9166b3ae365054b56e15359cf9e5fb6/source
2025-09-05 09:24:11,080 - WARNING - Retrying (Retry(total=1, connect=None, read=None, redirect=None, status=None)) after connection broken by 'NewConnectionError('<urllib3.connection.HTTPConnection object at 0x108d4c490>: Failed to establish a new connection: [Errno 61] Connection refused')': /session/f9166b3ae365054b56e15359cf9e5fb6/source
2025-09-05 09:24:11,080 - WARNING - Retrying (Retry(total=0, connect=None, read=None, redirect=None, status=None)) after connection broken by 'NewConnectionError('<urllib3.connection.HTTPConnection object at 0x108d4c6b0>: Failed to establish a new connection: [Errno 61] Connection refused')': /session/f9166b3ae365054b56e15359cf9e5fb6/source
2025-09-05 09:24:11,081 - INFO - Error during scraping: Could not find country selection for: Germany
2025-09-05 09:24:11,082 - WARNING - Retrying (Retry(total=2, connect=None, read=None, redirect=None, status=None)) after connection broken by 'NewConnectionError('<urllib3.connection.HTTPConnection object at 0x108d4cc00>: Failed to establish a new connection: [Errno 61] Connection refused')': /session/f9166b3ae365054b56e15359cf9e5fb6
2025-09-05 09:24:11,083 - WARNING - Retrying (Retry(total=1, connect=None, read=None, redirect=None, status=None)) after connection broken by 'NewConnectionError('<urllib3.connection.HTTPConnection object at 0x108d4ce20>: Failed to establish a new connection: [Errno 61] Connection refused')': /session/f9166b3ae365054b56e15359cf9e5fb6
2025-09-05 09:24:11,083 - WARNING - Retrying (Retry(total=0, connect=None, read=None, redirect=None, status=None)) after connection broken by 'NewConnectionError('<urllib3.connection.HTTPConnection object at 0x108d4d040>: Failed to establish a new connection: [Errno 61] Connection refused')': /session/f9166b3ae365054b56e15359cf9e5fb6
2025-09-05 09:24:42,920 - INFO - Testing connection to: https://m13kjy-se.myshopify.com/admin/api/2024-01/shop.json
2025-09-05 09:24:47,324 - INFO - ✅ Shopify connection successful - tbbt.de (basic)
2025-09-05 09:24:47,784 - INFO - ✅ Products API access - OK
2025-09-05 09:24:48,023 - INFO - ⚠️  Files API access - Limited
