2025-09-09 07:53:49,552 - wilo_scraper - INFO - Logging initialized - logs/wilo_scraper_20250909_075349.log
2025-09-09 07:53:49,552 - wilo_scraper.__main__ - INFO - Starting Wilo Scraper Application
2025-09-09 07:53:53,577 - wilo_scraper.scraper.wilo_scraper - INFO - Starting enhanced scraping for country: germany
2025-09-09 07:53:53,581 - wilo_scraper.scraper.browser_manager - INFO - Setting up Chrome browser (simple mode)...
2025-09-09 07:53:53,581 - wilo_scraper.scraper.browser_manager - INFO - Trying simple Chrome setup...
2025-09-09 07:53:55,724 - wilo_scraper.scraper.browser_manager - INFO - ✅ Chrome opened successfully!
2025-09-09 07:53:55,768 - wilo_scraper.scraper.wilo_scraper - INFO - Navigating to Wilo website...
2025-09-09 07:54:11,009 - wilo_scraper.scraper.browser_manager - INFO - Screenshot: logs/screenshots/step1_initial_page.png
2025-09-09 07:54:11,009 - wilo_scraper.scraper.wilo_scraper - INFO - Looking for country span: Germany
2025-09-09 07:54:11,105 - wilo_scraper.scraper.browser_manager - INFO - Screenshot: logs/screenshots/step2_before_country.png
2025-09-09 07:54:12,146 - wilo_scraper.scraper.wilo_scraper - INFO - Successfully clicked country span: Germany
2025-09-09 07:54:14,278 - wilo_scraper.scraper.browser_manager - INFO - Screenshot: logs/screenshots/step3_after_country.png
2025-09-09 07:54:14,278 - wilo_scraper.scraper.wilo_scraper - INFO - Looking for Hydraulische Pumpenauswahl tile...
2025-09-09 07:54:14,278 - wilo_scraper.scraper.wilo_scraper - INFO - Waiting for page to fully load after country selection...
2025-09-09 07:54:14,278 - wilo_scraper.scraper.wilo_scraper - INFO - Waiting 5 seconds for tiles to appear...
2025-09-09 07:54:19,398 - wilo_scraper.scraper.browser_manager - INFO - Screenshot: logs/screenshots/step4_wait_5s.png
2025-09-09 07:54:19,438 - wilo_scraper.scraper.wilo_scraper - INFO - Found tile with keyword 'Hydraulische': Hydraulische Pumpenauswahl
2025-09-09 07:54:21,449 - wilo_scraper.scraper.wilo_scraper - INFO - Successfully clicked pump selection tile
2025-09-09 07:54:24,299 - wilo_scraper.scraper.browser_manager - INFO - Screenshot: logs/screenshots/step5_after_tile_click.png
2025-09-09 07:54:27,308 - wilo_scraper.scraper.wilo_scraper - INFO - After tile click, current URL: https://select.wilo.com/ApplRange.aspx
2025-09-09 07:54:27,308 - wilo_scraper.scraper.wilo_scraper - INFO - Extracting products from category: 01. Heizung
2025-09-09 07:54:27,415 - wilo_scraper.scraper.browser_manager - INFO - Screenshot: logs/screenshots/step6_category_0_start.png
2025-09-09 07:54:27,442 - wilo_scraper.scraper.wilo_scraper - INFO - Category dropdown not found or 01. Heizung already selected
2025-09-09 07:54:27,442 - wilo_scraper.scraper.wilo_scraper - INFO - 🖼️ Looking for 'Bilder ausblenden' checkbox to show images...
2025-09-09 07:54:27,458 - wilo_scraper.scraper.wilo_scraper - INFO - Found 'Bilder ausblenden' checkbox (selector 1)
2025-09-09 07:54:27,458 - wilo_scraper.scraper.wilo_scraper - INFO - Current state: CHECKED
2025-09-09 07:54:27,464 - wilo_scraper.scraper.wilo_scraper - INFO - ✅ Successfully UNCHECKED 'Bilder ausblenden' with JavaScript click
2025-09-09 07:54:29,581 - wilo_scraper.scraper.browser_manager - INFO - Screenshot: logs/screenshots/step7_images_enabled_verification.png
2025-09-09 07:54:29,588 - wilo_scraper.scraper.wilo_scraper - INFO - 🖼️ Images should now be VISIBLE!
2025-09-09 07:54:31,762 - wilo_scraper.scraper.wilo_scraper - INFO - 🖼️ Found 48 visible product images on page
2025-09-09 07:54:31,762 - wilo_scraper.scraper.wilo_scraper - INFO - Found 3 subcategories for 01. Heizung
2025-09-09 07:54:31,762 - wilo_scraper.scraper.wilo_scraper - INFO - Processing subcategory 1/2: Umwälzpumpen
2025-09-09 07:54:31,790 - wilo_scraper.scraper.wilo_scraper - INFO - Clicked subcategory: Umwälzpumpen
2025-09-09 07:54:37,933 - wilo_scraper.scraper.browser_manager - INFO - Screenshot: logs/screenshots/step8_products_Umwälzpump.png
2025-09-09 07:54:37,942 - wilo_scraper.scraper.wilo_scraper - INFO - Found 9 grid rows with selector: //tr[contains(@class, 'jqgrow')]
2025-09-09 07:54:37,975 - wilo_scraper.scraper.wilo_scraper - INFO - Found image via background-image: https://select.wilo.com/ApplRangeHandler.vhd?action=getSeriesImage&file=8dTdugHYRVvCoUolkoAgYkOCqKQSMhZUa5AnWFqfrAPseYQy0JAktHxF%2bsvbMFmHcc3NB9fthhxy%2fycRkWNjZjjEs%2bCdBOvhWr%2bilsvBxWoOHTusW3M%2frzCBIgby2BmTQWxxwhlYHdy999YhGSX4sH35sahw3pgNN9ZIL8kWS1y671YwuQ%2f49th4kyFVsripQzGJiuqZIW4E269dzcPw8kssj34NrxD0rlvWJ3mh4f44Hiu3zXF8nXZVrLgKyt6c3y68vUM1yjI6LNgqC7XiIg%3d%3d&lm=638929600121583291
2025-09-09 07:54:37,975 - wilo_scraper.scraper.wilo_scraper - INFO - ✅ IMAGE FOUND for Atmos PICO plus: https://select.wilo.com/ApplRangeHandler.vhd?action=getSeriesImage&file=8dTdugHYRVvCoUolkoAgYkOCqKQSMhZUa5AnWFqfrAPseYQy0JAktHxF%2bsvbMFmHcc3NB9fthhxy%2fycRkWNjZjjEs%2bCdBOvhWr%2bilsvBxWoOHTusW3M%2frzCBIgby2BmTQWxxwhlYHdy999YhGSX4sH35sahw3pgNN9ZIL8kWS1y671YwuQ%2f49th4kyFVsripQzGJiuqZIW4E269dzcPw8kssj34NrxD0rlvWJ3mh4f44Hiu3zXF8nXZVrLgKyt6c3y68vUM1yjI6LNgqC7XiIg%3d%3d&lm=638929600121583291
2025-09-09 07:54:37,978 - wilo_scraper.scraper.wilo_scraper - INFO - Enhanced extraction - Product: Atmos PICO plus [WITH IMAGE]
2025-09-09 07:54:38,005 - wilo_scraper.scraper.wilo_scraper - INFO - Found image via background-image: https://select.wilo.com/ApplRangeHandler.vhd?action=getSeriesImage&file=8dTdugHYRVvCoUolkoAgYkOCqKQSMhZUa5AnWFqfrAPseYQy0JAktHxF%2bsvbMFmHcc3NB9fthhxy%2fycRkWNjZjjEs%2bCdBOvhWr%2bilsvBxWoOHTusW3M%2frzCBIgby2BmTQWxxwhlYHdy999YhGSX4sH35sahw3pgNN9ZIL8kWS1y671YwuQ%2f49th4kyFVsripQzGJiuqZIW4E269dzcPw8kssj34NrxD0rlvWJ3mh4f44Hiu3zXF8nXZVrLgKyt6c3y68vUM1yjI6LNgqC7XiIg%3d%3d&lm=638929600121583291
2025-09-09 07:54:38,005 - wilo_scraper.scraper.wilo_scraper - INFO - ✅ IMAGE FOUND for Stratos MAXO: https://select.wilo.com/ApplRangeHandler.vhd?action=getSeriesImage&file=8dTdugHYRVvCoUolkoAgYkOCqKQSMhZUa5AnWFqfrAPseYQy0JAktHxF%2bsvbMFmHcc3NB9fthhxy%2fycRkWNjZjjEs%2bCdBOvhWr%2bilsvBxWoOHTusW3M%2frzCBIgby2BmTQWxxwhlYHdy999YhGSX4sH35sahw3pgNN9ZIL8kWS1y671YwuQ%2f49th4kyFVsripQzGJiuqZIW4E269dzcPw8kssj34NrxD0rlvWJ3mh4f44Hiu3zXF8nXZVrLgKyt6c3y68vUM1yjI6LNgqC7XiIg%3d%3d&lm=638929600121583291
2025-09-09 07:54:38,007 - wilo_scraper.scraper.wilo_scraper - INFO - Enhanced extraction - Product: Stratos MAXO [WITH IMAGE]
2025-09-09 07:54:38,022 - wilo_scraper.scraper.wilo_scraper - INFO - Found image via background-image: https://select.wilo.com/ApplRangeHandler.vhd?action=getSeriesImage&file=8dTdugHYRVvCoUolkoAgYkOCqKQSMhZUa5AnWFqfrAPseYQy0JAktHxF%2bsvbMFmHcc3NB9fthhxy%2fycRkWNjZjjEs%2bCdBOvhWr%2bilsvBxWoOHTusW3M%2frzCBIgby2BmTQWxxwhlYHdy999YhGSX4sH35sahw3pgNN9ZIL8kWS1y671YwuQ%2f49th4kyFVsripQzGJiuqZIW4E269dzcPw8kssj34NrxD0rlvWJ3mh4f44Hiu3zXF8nXZVrLgKyt6c3y68vUM1yjI6LNgqC7XiIg%3d%3d&lm=638929600121583291
2025-09-09 07:54:38,023 - wilo_scraper.scraper.wilo_scraper - INFO - ✅ IMAGE FOUND for Stratos MAXO-D: https://select.wilo.com/ApplRangeHandler.vhd?action=getSeriesImage&file=8dTdugHYRVvCoUolkoAgYkOCqKQSMhZUa5AnWFqfrAPseYQy0JAktHxF%2bsvbMFmHcc3NB9fthhxy%2fycRkWNjZjjEs%2bCdBOvhWr%2bilsvBxWoOHTusW3M%2frzCBIgby2BmTQWxxwhlYHdy999YhGSX4sH35sahw3pgNN9ZIL8kWS1y671YwuQ%2f49th4kyFVsripQzGJiuqZIW4E269dzcPw8kssj34NrxD0rlvWJ3mh4f44Hiu3zXF8nXZVrLgKyt6c3y68vUM1yjI6LNgqC7XiIg%3d%3d&lm=638929600121583291
2025-09-09 07:54:38,024 - wilo_scraper.scraper.wilo_scraper - INFO - Enhanced extraction - Product: Stratos MAXO-D [WITH IMAGE]
2025-09-09 07:54:38,037 - wilo_scraper.scraper.wilo_scraper - INFO - Found image via background-image: https://select.wilo.com/ApplRangeHandler.vhd?action=getSeriesImage&file=8dTdugHYRVvCoUolkoAgYkOCqKQSMhZUa5AnWFqfrAPseYQy0JAktHxF%2bsvbMFmHcc3NB9fthhxy%2fycRkWNjZjjEs%2bCdBOvhWr%2bilsvBxWoOHTusW3M%2frzCBIgby2BmTQWxxwhlYHdy999YhGSX4sH35sahw3pgNN9ZIL8kWS1y671YwuQ%2f49th4kyFVsripQzGJiuqZIW4E269dzcPw8kssj34NrxD0rlvWJ3mh4f44Hiu3zXF8nXZVrLgKyt6c3y68vUM1yjI6LNgqC7XiIg%3d%3d&lm=638929600121583291
2025-09-09 07:54:38,037 - wilo_scraper.scraper.wilo_scraper - INFO - ✅ IMAGE FOUND for Stratos MAXO-Z: https://select.wilo.com/ApplRangeHandler.vhd?action=getSeriesImage&file=8dTdugHYRVvCoUolkoAgYkOCqKQSMhZUa5AnWFqfrAPseYQy0JAktHxF%2bsvbMFmHcc3NB9fthhxy%2fycRkWNjZjjEs%2bCdBOvhWr%2bilsvBxWoOHTusW3M%2frzCBIgby2BmTQWxxwhlYHdy999YhGSX4sH35sahw3pgNN9ZIL8kWS1y671YwuQ%2f49th4kyFVsripQzGJiuqZIW4E269dzcPw8kssj34NrxD0rlvWJ3mh4f44Hiu3zXF8nXZVrLgKyt6c3y68vUM1yjI6LNgqC7XiIg%3d%3d&lm=638929600121583291
2025-09-09 07:54:38,039 - wilo_scraper.scraper.wilo_scraper - INFO - Enhanced extraction - Product: Stratos MAXO-Z [WITH IMAGE]
2025-09-09 07:54:38,054 - wilo_scraper.scraper.wilo_scraper - INFO - Found image via background-image: https://select.wilo.com/ApplRangeHandler.vhd?action=getSeriesImage&file=8dTdugHYRVvCoUolkoAgYkOCqKQSMhZUa5AnWFqfrAPseYQy0JAktHxF%2bsvbMFmHcc3NB9fthhxy%2fycRkWNjZjjEs%2bCdBOvhWr%2bilsvBxWoOHTusW3M%2frzCBIgby2BmTQWxxwhlYHdy999YhGSX4sH35sahw3pgNN9ZIL8kWS1y671YwuQ%2f49th4kyFVsripQzGJiuqZIW4E269dzcPw8kssj34NrxD0rlvWJ3mh4f44Hiu3zXF8nXZVrLgKyt6c3y68vUM1yjI6LNgqC7XiIg%3d%3d&lm=638929600121583291
2025-09-09 07:54:38,054 - wilo_scraper.scraper.wilo_scraper - INFO - ✅ IMAGE FOUND for Stratos PICO plus: https://select.wilo.com/ApplRangeHandler.vhd?action=getSeriesImage&file=8dTdugHYRVvCoUolkoAgYkOCqKQSMhZUa5AnWFqfrAPseYQy0JAktHxF%2bsvbMFmHcc3NB9fthhxy%2fycRkWNjZjjEs%2bCdBOvhWr%2bilsvBxWoOHTusW3M%2frzCBIgby2BmTQWxxwhlYHdy999YhGSX4sH35sahw3pgNN9ZIL8kWS1y671YwuQ%2f49th4kyFVsripQzGJiuqZIW4E269dzcPw8kssj34NrxD0rlvWJ3mh4f44Hiu3zXF8nXZVrLgKyt6c3y68vUM1yjI6LNgqC7XiIg%3d%3d&lm=638929600121583291
2025-09-09 07:54:38,056 - wilo_scraper.scraper.wilo_scraper - INFO - Enhanced extraction - Product: Stratos PICO plus [WITH IMAGE]
2025-09-09 07:54:38,068 - wilo_scraper.scraper.wilo_scraper - INFO - Found image via background-image: https://select.wilo.com/ApplRangeHandler.vhd?action=getSeriesImage&file=8dTdugHYRVvCoUolkoAgYkOCqKQSMhZUa5AnWFqfrAPseYQy0JAktHxF%2bsvbMFmHcc3NB9fthhxy%2fycRkWNjZjjEs%2bCdBOvhWr%2bilsvBxWoOHTusW3M%2frzCBIgby2BmTQWxxwhlYHdy999YhGSX4sH35sahw3pgNN9ZIL8kWS1y671YwuQ%2f49th4kyFVsripQzGJiuqZIW4E269dzcPw8kssj34NrxD0rlvWJ3mh4f44Hiu3zXF8nXZVrLgKyt6c3y68vUM1yjI6LNgqC7XiIg%3d%3d&lm=638929600121583291
2025-09-09 07:54:38,068 - wilo_scraper.scraper.wilo_scraper - INFO - ✅ IMAGE FOUND for Varios PICO-STG: https://select.wilo.com/ApplRangeHandler.vhd?action=getSeriesImage&file=8dTdugHYRVvCoUolkoAgYkOCqKQSMhZUa5AnWFqfrAPseYQy0JAktHxF%2bsvbMFmHcc3NB9fthhxy%2fycRkWNjZjjEs%2bCdBOvhWr%2bilsvBxWoOHTusW3M%2frzCBIgby2BmTQWxxwhlYHdy999YhGSX4sH35sahw3pgNN9ZIL8kWS1y671YwuQ%2f49th4kyFVsripQzGJiuqZIW4E269dzcPw8kssj34NrxD0rlvWJ3mh4f44Hiu3zXF8nXZVrLgKyt6c3y68vUM1yjI6LNgqC7XiIg%3d%3d&lm=638929600121583291
2025-09-09 07:54:38,070 - wilo_scraper.scraper.wilo_scraper - INFO - Enhanced extraction - Product: Varios PICO-STG [WITH IMAGE]
2025-09-09 07:54:38,083 - wilo_scraper.scraper.wilo_scraper - INFO - Found image via background-image: https://select.wilo.com/ApplRangeHandler.vhd?action=getSeriesImage&file=8dTdugHYRVvCoUolkoAgYkOCqKQSMhZUa5AnWFqfrAPseYQy0JAktHxF%2bsvbMFmHcc3NB9fthhxy%2fycRkWNjZjjEs%2bCdBOvhWr%2bilsvBxWoOHTusW3M%2frzCBIgby2BmTQWxxwhlYHdy999YhGSX4sH35sahw3pgNN9ZIL8kWS1y671YwuQ%2f49th4kyFVsripQzGJiuqZIW4E269dzcPw8kssj34NrxD0rlvWJ3mh4f44Hiu3zXF8nXZVrLgKyt6c3y68vUM1yjI6LNgqC7XiIg%3d%3d&lm=638929600121583291
2025-09-09 07:54:38,083 - wilo_scraper.scraper.wilo_scraper - INFO - ✅ IMAGE FOUND for Yonos MAXO plus: https://select.wilo.com/ApplRangeHandler.vhd?action=getSeriesImage&file=8dTdugHYRVvCoUolkoAgYkOCqKQSMhZUa5AnWFqfrAPseYQy0JAktHxF%2bsvbMFmHcc3NB9fthhxy%2fycRkWNjZjjEs%2bCdBOvhWr%2bilsvBxWoOHTusW3M%2frzCBIgby2BmTQWxxwhlYHdy999YhGSX4sH35sahw3pgNN9ZIL8kWS1y671YwuQ%2f49th4kyFVsripQzGJiuqZIW4E269dzcPw8kssj34NrxD0rlvWJ3mh4f44Hiu3zXF8nXZVrLgKyt6c3y68vUM1yjI6LNgqC7XiIg%3d%3d&lm=638929600121583291
2025-09-09 07:54:38,085 - wilo_scraper.scraper.wilo_scraper - INFO - Enhanced extraction - Product: Yonos MAXO plus [WITH IMAGE]
2025-09-09 07:54:38,107 - wilo_scraper.scraper.wilo_scraper - INFO - Found image via background-image: https://select.wilo.com/ApplRangeHandler.vhd?action=getSeriesImage&file=8dTdugHYRVvCoUolkoAgYkOCqKQSMhZUa5AnWFqfrAPseYQy0JAktHxF%2bsvbMFmHcc3NB9fthhxy%2fycRkWNjZjjEs%2bCdBOvhWr%2bilsvBxWoOHTusW3M%2frzCBIgby2BmTQWxxwhlYHdy999YhGSX4sH35sahw3pgNN9ZIL8kWS1y671YwuQ%2f49th4kyFVsripQzGJiuqZIW4E269dzcPw8kssj34NrxD0rlvWJ3mh4f44Hiu3zXF8nXZVrLgKyt6c3y68vUM1yjI6LNgqC7XiIg%3d%3d&lm=638929600121583291
2025-09-09 07:54:38,107 - wilo_scraper.scraper.wilo_scraper - INFO - ✅ IMAGE FOUND for Yonos PICO HU: https://select.wilo.com/ApplRangeHandler.vhd?action=getSeriesImage&file=8dTdugHYRVvCoUolkoAgYkOCqKQSMhZUa5AnWFqfrAPseYQy0JAktHxF%2bsvbMFmHcc3NB9fthhxy%2fycRkWNjZjjEs%2bCdBOvhWr%2bilsvBxWoOHTusW3M%2frzCBIgby2BmTQWxxwhlYHdy999YhGSX4sH35sahw3pgNN9ZIL8kWS1y671YwuQ%2f49th4kyFVsripQzGJiuqZIW4E269dzcPw8kssj34NrxD0rlvWJ3mh4f44Hiu3zXF8nXZVrLgKyt6c3y68vUM1yjI6LNgqC7XiIg%3d%3d&lm=638929600121583291
2025-09-09 07:54:38,108 - wilo_scraper.scraper.wilo_scraper - INFO - Enhanced extraction - Product: Yonos PICO HU [WITH IMAGE]
2025-09-09 07:54:38,123 - wilo_scraper.scraper.wilo_scraper - INFO - Found image via background-image: https://select.wilo.com/ApplRangeHandler.vhd?action=getSeriesImage&file=8dTdugHYRVvCoUolkoAgYkOCqKQSMhZUa5AnWFqfrAPseYQy0JAktHxF%2bsvbMFmHcc3NB9fthhxy%2fycRkWNjZjjEs%2bCdBOvhWr%2bilsvBxWoOHTusW3M%2frzCBIgby2BmTQWxxwhlYHdy999YhGSX4sH35sahw3pgNN9ZIL8kWS1y671YwuQ%2f49th4kyFVsripQzGJiuqZIW4E269dzcPw8kssj34NrxD0rlvWJ3mh4f44Hiu3zXF8nXZVrLgKyt6c3y68vUM1yjI6LNgqC7XiIg%3d%3d&lm=638929600121583291
2025-09-09 07:54:38,123 - wilo_scraper.scraper.wilo_scraper - INFO - ✅ IMAGE FOUND for Yonos PICO plus: https://select.wilo.com/ApplRangeHandler.vhd?action=getSeriesImage&file=8dTdugHYRVvCoUolkoAgYkOCqKQSMhZUa5AnWFqfrAPseYQy0JAktHxF%2bsvbMFmHcc3NB9fthhxy%2fycRkWNjZjjEs%2bCdBOvhWr%2bilsvBxWoOHTusW3M%2frzCBIgby2BmTQWxxwhlYHdy999YhGSX4sH35sahw3pgNN9ZIL8kWS1y671YwuQ%2f49th4kyFVsripQzGJiuqZIW4E269dzcPw8kssj34NrxD0rlvWJ3mh4f44Hiu3zXF8nXZVrLgKyt6c3y68vUM1yjI6LNgqC7XiIg%3d%3d&lm=638929600121583291
2025-09-09 07:54:38,125 - wilo_scraper.scraper.wilo_scraper - INFO - Enhanced extraction - Product: Yonos PICO plus [WITH IMAGE]
2025-09-09 07:54:38,239 - wilo_scraper.scraper.browser_manager - INFO - Screenshot: logs/screenshots/step9_extracted_products_Umwälzpump.png
2025-09-09 07:54:38,239 - wilo_scraper.scraper.wilo_scraper - INFO - 📊 EXTRACTION SUMMARY for Umwälzpumpen:
2025-09-09 07:54:38,239 - wilo_scraper.scraper.wilo_scraper - INFO -    Total products: 9
2025-09-09 07:54:38,239 - wilo_scraper.scraper.wilo_scraper - INFO -    With images: 9
2025-09-09 07:54:38,239 - wilo_scraper.scraper.wilo_scraper - INFO -    Without images: 0
2025-09-09 07:54:38,239 - wilo_scraper.scraper.wilo_scraper - INFO - Extracted 9 products from Umwälzpumpen
2025-09-09 07:54:38,340 - wilo_scraper.scraper.browser_manager - INFO - Screenshot: logs/screenshots/step7_cat0_sub0_products.png
2025-09-09 07:54:38,341 - wilo_scraper.scraper.wilo_scraper - INFO - Processing subcategory 2/2: Inline-Pumpen
2025-09-09 07:54:38,359 - wilo_scraper.scraper.wilo_scraper - INFO - Clicked subcategory: Inline-Pumpen
2025-09-09 07:54:44,526 - wilo_scraper.scraper.browser_manager - INFO - Screenshot: logs/screenshots/step8_products_Inline-Pum.png
2025-09-09 07:54:44,533 - wilo_scraper.scraper.wilo_scraper - INFO - Found 13 grid rows with selector: //tr[contains(@class, 'jqgrow')]
2025-09-09 07:54:44,567 - wilo_scraper.scraper.wilo_scraper - INFO - Found image via background-image: https://select.wilo.com/ApplRangeHandler.vhd?action=getSeriesImage&file=8dTdugHYRVvCoUolkoAgYkOCqKQSMhZUa5AnWFqfrAPseYQy0JAktHxF%2bsvbMFmHcc3NB9fthhxy%2fycRkWNjZjjEs%2bCdBOvhWr%2bilsvBxWoOHTusW3M%2frzCBIgby2BmTQWxxwhlYHdy999YhGSX4sH35sahw3pgNN9ZIL8kWS1y671YwuQ%2f49th4kyFVsripQzGJiuqZIW4E269dzcPw8kssj34NrxD0rlvWJ3mh4f44Hiu3zXF8nXZVrLgKyt6c3y68vUM1yjI6LNgqC7XiIg%3d%3d&lm=638929600121583291
2025-09-09 07:54:44,567 - wilo_scraper.scraper.wilo_scraper - INFO - ✅ IMAGE FOUND for Atmos GIGA-D: https://select.wilo.com/ApplRangeHandler.vhd?action=getSeriesImage&file=8dTdugHYRVvCoUolkoAgYkOCqKQSMhZUa5AnWFqfrAPseYQy0JAktHxF%2bsvbMFmHcc3NB9fthhxy%2fycRkWNjZjjEs%2bCdBOvhWr%2bilsvBxWoOHTusW3M%2frzCBIgby2BmTQWxxwhlYHdy999YhGSX4sH35sahw3pgNN9ZIL8kWS1y671YwuQ%2f49th4kyFVsripQzGJiuqZIW4E269dzcPw8kssj34NrxD0rlvWJ3mh4f44Hiu3zXF8nXZVrLgKyt6c3y68vUM1yjI6LNgqC7XiIg%3d%3d&lm=638929600121583291
2025-09-09 07:54:44,569 - wilo_scraper.scraper.wilo_scraper - INFO - Enhanced extraction - Product: Atmos GIGA-D [WITH IMAGE]
2025-09-09 07:54:44,595 - wilo_scraper.scraper.wilo_scraper - INFO - Found image via background-image: https://select.wilo.com/ApplRangeHandler.vhd?action=getSeriesImage&file=8dTdugHYRVvCoUolkoAgYkOCqKQSMhZUa5AnWFqfrAPseYQy0JAktHxF%2bsvbMFmHcc3NB9fthhxy%2fycRkWNjZjjEs%2bCdBOvhWr%2bilsvBxWoOHTusW3M%2frzCBIgby2BmTQWxxwhlYHdy999YhGSX4sH35sahw3pgNN9ZIL8kWS1y671YwuQ%2f49th4kyFVsripQzGJiuqZIW4E269dzcPw8kssj34NrxD0rlvWJ3mh4f44Hiu3zXF8nXZVrLgKyt6c3y68vUM1yjI6LNgqC7XiIg%3d%3d&lm=638929600121583291
2025-09-09 07:54:44,595 - wilo_scraper.scraper.wilo_scraper - INFO - ✅ IMAGE FOUND for Atmos GIGA-I: https://select.wilo.com/ApplRangeHandler.vhd?action=getSeriesImage&file=8dTdugHYRVvCoUolkoAgYkOCqKQSMhZUa5AnWFqfrAPseYQy0JAktHxF%2bsvbMFmHcc3NB9fthhxy%2fycRkWNjZjjEs%2bCdBOvhWr%2bilsvBxWoOHTusW3M%2frzCBIgby2BmTQWxxwhlYHdy999YhGSX4sH35sahw3pgNN9ZIL8kWS1y671YwuQ%2f49th4kyFVsripQzGJiuqZIW4E269dzcPw8kssj34NrxD0rlvWJ3mh4f44Hiu3zXF8nXZVrLgKyt6c3y68vUM1yjI6LNgqC7XiIg%3d%3d&lm=638929600121583291
2025-09-09 07:54:44,599 - wilo_scraper.scraper.wilo_scraper - INFO - Enhanced extraction - Product: Atmos GIGA-I [WITH IMAGE]
2025-09-09 07:54:44,605 - wilo_scraper.scraper.wilo_scraper - ERROR - Error processing row: Message: no such element: Unable to locate element: {"method":"xpath","selector":".//span[@class='common_lbl_bold']"}
  (Session info: chrome=140.0.7339.80); For documentation on this error, please visit: https://www.selenium.dev/documentation/webdriver/troubleshooting/errors#nosuchelementexception
Stacktrace:
0   chromedriver                        0x0000000104cbf668 cxxbridge1$str$ptr + 2882776
1   chromedriver                        0x0000000104cb7594 cxxbridge1$str$ptr + 2849796
2   chromedriver                        0x00000001047e10dc _RNvCslE4myv9Sbr3_7___rustc35___rust_no_alloc_shim_is_unstable_v2 + 73436
3   chromedriver                        0x0000000104828474 _RNvCslE4myv9Sbr3_7___rustc35___rust_no_alloc_shim_is_unstable_v2 + 365172
4   chromedriver                        0x000000010481dd10 _RNvCslE4myv9Sbr3_7___rustc35___rust_no_alloc_shim_is_unstable_v2 + 322320
5   chromedriver                        0x000000010486966c _RNvCslE4myv9Sbr3_7___rustc35___rust_no_alloc_shim_is_unstable_v2 + 631916
6   chromedriver                        0x000000010481c130 _RNvCslE4myv9Sbr3_7___rustc35___rust_no_alloc_shim_is_unstable_v2 + 315184
7   chromedriver                        0x0000000104c83b98 cxxbridge1$str$ptr + 2638344
8   chromedriver                        0x0000000104c86db0 cxxbridge1$str$ptr + 2651168
9   chromedriver                        0x0000000104c64634 cxxbridge1$str$ptr + 2509988
10  chromedriver                        0x0000000104c8765c cxxbridge1$str$ptr + 2653388
11  chromedriver                        0x0000000104c55dd0 cxxbridge1$str$ptr + 2450496
12  chromedriver                        0x0000000104ca6ee4 cxxbridge1$str$ptr + 2782548
13  chromedriver                        0x0000000104ca7064 cxxbridge1$str$ptr + 2782932
14  chromedriver                        0x0000000104cb71e0 cxxbridge1$str$ptr + 2848848
15  libsystem_pthread.dylib             0x000000018871ffa8 _pthread_start + 148
16  libsystem_pthread.dylib             0x000000018871ada0 thread_start + 8

2025-09-09 07:54:44,619 - wilo_scraper.scraper.wilo_scraper - INFO - Found image via background-image: https://select.wilo.com/ApplRangeHandler.vhd?action=getSeriesImage&file=8dTdugHYRVvCoUolkoAgYkOCqKQSMhZUa5AnWFqfrAPseYQy0JAktHxF%2bsvbMFmHcc3NB9fthhxy%2fycRkWNjZjjEs%2bCdBOvhWr%2bilsvBxWoOHTusW3M%2frzCBIgby2BmTQWxxwhlYHdy999YhGSX4sH35sahw3pgNN9ZIL8kWS1y671YwuQ%2f49th4kyFVsripQzGJiuqZIW4E269dzcPw8kssj34NrxD0rlvWJ3mh4f44Hiu3zXF8nXZVrLgKyt6c3y68vUM1yjI6LNgqC7XiIg%3d%3d&lm=638929600121583291
2025-09-09 07:54:44,619 - wilo_scraper.scraper.wilo_scraper - INFO - ✅ IMAGE FOUND for CronoLine-IL-E: https://select.wilo.com/ApplRangeHandler.vhd?action=getSeriesImage&file=8dTdugHYRVvCoUolkoAgYkOCqKQSMhZUa5AnWFqfrAPseYQy0JAktHxF%2bsvbMFmHcc3NB9fthhxy%2fycRkWNjZjjEs%2bCdBOvhWr%2bilsvBxWoOHTusW3M%2frzCBIgby2BmTQWxxwhlYHdy999YhGSX4sH35sahw3pgNN9ZIL8kWS1y671YwuQ%2f49th4kyFVsripQzGJiuqZIW4E269dzcPw8kssj34NrxD0rlvWJ3mh4f44Hiu3zXF8nXZVrLgKyt6c3y68vUM1yjI6LNgqC7XiIg%3d%3d&lm=638929600121583291
2025-09-09 07:54:44,620 - wilo_scraper.scraper.wilo_scraper - INFO - Enhanced extraction - Product: CronoLine-IL-E [WITH IMAGE]
2025-09-09 07:54:44,636 - wilo_scraper.scraper.wilo_scraper - INFO - Found image via background-image: https://select.wilo.com/ApplRangeHandler.vhd?action=getSeriesImage&file=8dTdugHYRVvCoUolkoAgYkOCqKQSMhZUa5AnWFqfrAPseYQy0JAktHxF%2bsvbMFmHcc3NB9fthhxy%2fycRkWNjZjjEs%2bCdBOvhWr%2bilsvBxWoOHTusW3M%2frzCBIgby2BmTQWxxwhlYHdy999YhGSX4sH35sahw3pgNN9ZIL8kWS1y671YwuQ%2f49th4kyFVsripQzGJiuqZIW4E269dzcPw8kssj34NrxD0rlvWJ3mh4f44Hiu3zXF8nXZVrLgKyt6c3y68vUM1yjI6LNgqC7XiIg%3d%3d&lm=638929600121583291
2025-09-09 07:54:44,636 - wilo_scraper.scraper.wilo_scraper - INFO - ✅ IMAGE FOUND for CronoTwin-DL-E: https://select.wilo.com/ApplRangeHandler.vhd?action=getSeriesImage&file=8dTdugHYRVvCoUolkoAgYkOCqKQSMhZUa5AnWFqfrAPseYQy0JAktHxF%2bsvbMFmHcc3NB9fthhxy%2fycRkWNjZjjEs%2bCdBOvhWr%2bilsvBxWoOHTusW3M%2frzCBIgby2BmTQWxxwhlYHdy999YhGSX4sH35sahw3pgNN9ZIL8kWS1y671YwuQ%2f49th4kyFVsripQzGJiuqZIW4E269dzcPw8kssj34NrxD0rlvWJ3mh4f44Hiu3zXF8nXZVrLgKyt6c3y68vUM1yjI6LNgqC7XiIg%3d%3d&lm=638929600121583291
2025-09-09 07:54:44,638 - wilo_scraper.scraper.wilo_scraper - INFO - Enhanced extraction - Product: CronoTwin-DL-E [WITH IMAGE]
2025-09-09 07:54:44,661 - wilo_scraper.scraper.wilo_scraper - INFO - Found image via background-image: https://select.wilo.com/ApplRangeHandler.vhd?action=getSeriesImage&file=8dTdugHYRVvCoUolkoAgYkOCqKQSMhZUa5AnWFqfrAPseYQy0JAktHxF%2bsvbMFmHcc3NB9fthhxy%2fycRkWNjZjjEs%2bCdBOvhWr%2bilsvBxWoOHTusW3M%2frzCBIgby2BmTQWxxwhlYHdy999YhGSX4sH35sahw3pgNN9ZIL8kWS1y671YwuQ%2f49th4kyFVsripQzGJiuqZIW4E269dzcPw8kssj34NrxD0rlvWJ3mh4f44Hiu3zXF8nXZVrLgKyt6c3y68vUM1yjI6LNgqC7XiIg%3d%3d&lm=638929600121583291
2025-09-09 07:54:44,661 - wilo_scraper.scraper.wilo_scraper - INFO - ✅ IMAGE FOUND for Stratos GIGA: https://select.wilo.com/ApplRangeHandler.vhd?action=getSeriesImage&file=8dTdugHYRVvCoUolkoAgYkOCqKQSMhZUa5AnWFqfrAPseYQy0JAktHxF%2bsvbMFmHcc3NB9fthhxy%2fycRkWNjZjjEs%2bCdBOvhWr%2bilsvBxWoOHTusW3M%2frzCBIgby2BmTQWxxwhlYHdy999YhGSX4sH35sahw3pgNN9ZIL8kWS1y671YwuQ%2f49th4kyFVsripQzGJiuqZIW4E269dzcPw8kssj34NrxD0rlvWJ3mh4f44Hiu3zXF8nXZVrLgKyt6c3y68vUM1yjI6LNgqC7XiIg%3d%3d&lm=638929600121583291
2025-09-09 07:54:44,663 - wilo_scraper.scraper.wilo_scraper - INFO - Enhanced extraction - Product: Stratos GIGA [WITH IMAGE]
2025-09-09 07:54:44,680 - wilo_scraper.scraper.wilo_scraper - INFO - Found image via background-image: https://select.wilo.com/ApplRangeHandler.vhd?action=getSeriesImage&file=8dTdugHYRVvCoUolkoAgYkOCqKQSMhZUa5AnWFqfrAPseYQy0JAktHxF%2bsvbMFmHcc3NB9fthhxy%2fycRkWNjZjjEs%2bCdBOvhWr%2bilsvBxWoOHTusW3M%2frzCBIgby2BmTQWxxwhlYHdy999YhGSX4sH35sahw3pgNN9ZIL8kWS1y671YwuQ%2f49th4kyFVsripQzGJiuqZIW4E269dzcPw8kssj34NrxD0rlvWJ3mh4f44Hiu3zXF8nXZVrLgKyt6c3y68vUM1yjI6LNgqC7XiIg%3d%3d&lm=638929600121583291
2025-09-09 07:54:44,680 - wilo_scraper.scraper.wilo_scraper - INFO - ✅ IMAGE FOUND for Stratos GIGA-D: https://select.wilo.com/ApplRangeHandler.vhd?action=getSeriesImage&file=8dTdugHYRVvCoUolkoAgYkOCqKQSMhZUa5AnWFqfrAPseYQy0JAktHxF%2bsvbMFmHcc3NB9fthhxy%2fycRkWNjZjjEs%2bCdBOvhWr%2bilsvBxWoOHTusW3M%2frzCBIgby2BmTQWxxwhlYHdy999YhGSX4sH35sahw3pgNN9ZIL8kWS1y671YwuQ%2f49th4kyFVsripQzGJiuqZIW4E269dzcPw8kssj34NrxD0rlvWJ3mh4f44Hiu3zXF8nXZVrLgKyt6c3y68vUM1yjI6LNgqC7XiIg%3d%3d&lm=638929600121583291
2025-09-09 07:54:44,681 - wilo_scraper.scraper.wilo_scraper - INFO - Enhanced extraction - Product: Stratos GIGA-D [WITH IMAGE]
2025-09-09 07:54:44,693 - wilo_scraper.scraper.wilo_scraper - INFO - Found image via background-image: https://select.wilo.com/ApplRangeHandler.vhd?action=getSeriesImage&file=8dTdugHYRVvCoUolkoAgYkOCqKQSMhZUa5AnWFqfrAPseYQy0JAktHxF%2bsvbMFmHcc3NB9fthhxy%2fycRkWNjZjjEs%2bCdBOvhWr%2bilsvBxWoOHTusW3M%2frzCBIgby2BmTQWxxwhlYHdy999YhGSX4sH35sahw3pgNN9ZIL8kWS1y671YwuQ%2f49th4kyFVsripQzGJiuqZIW4E269dzcPw8kssj34NrxD0rlvWJ3mh4f44Hiu3zXF8nXZVrLgKyt6c3y68vUM1yjI6LNgqC7XiIg%3d%3d&lm=638929600121583291
2025-09-09 07:54:44,693 - wilo_scraper.scraper.wilo_scraper - INFO - ✅ IMAGE FOUND for Stratos GIGA2.0-D: https://select.wilo.com/ApplRangeHandler.vhd?action=getSeriesImage&file=8dTdugHYRVvCoUolkoAgYkOCqKQSMhZUa5AnWFqfrAPseYQy0JAktHxF%2bsvbMFmHcc3NB9fthhxy%2fycRkWNjZjjEs%2bCdBOvhWr%2bilsvBxWoOHTusW3M%2frzCBIgby2BmTQWxxwhlYHdy999YhGSX4sH35sahw3pgNN9ZIL8kWS1y671YwuQ%2f49th4kyFVsripQzGJiuqZIW4E269dzcPw8kssj34NrxD0rlvWJ3mh4f44Hiu3zXF8nXZVrLgKyt6c3y68vUM1yjI6LNgqC7XiIg%3d%3d&lm=638929600121583291
2025-09-09 07:54:44,695 - wilo_scraper.scraper.wilo_scraper - INFO - Enhanced extraction - Product: Stratos GIGA2.0-D [WITH IMAGE]
2025-09-09 07:54:44,708 - wilo_scraper.scraper.wilo_scraper - INFO - Found image via background-image: https://select.wilo.com/ApplRangeHandler.vhd?action=getSeriesImage&file=8dTdugHYRVvCoUolkoAgYkOCqKQSMhZUa5AnWFqfrAPseYQy0JAktHxF%2bsvbMFmHcc3NB9fthhxy%2fycRkWNjZjjEs%2bCdBOvhWr%2bilsvBxWoOHTusW3M%2frzCBIgby2BmTQWxxwhlYHdy999YhGSX4sH35sahw3pgNN9ZIL8kWS1y671YwuQ%2f49th4kyFVsripQzGJiuqZIW4E269dzcPw8kssj34NrxD0rlvWJ3mh4f44Hiu3zXF8nXZVrLgKyt6c3y68vUM1yjI6LNgqC7XiIg%3d%3d&lm=638929600121583291
2025-09-09 07:54:44,708 - wilo_scraper.scraper.wilo_scraper - INFO - ✅ IMAGE FOUND for Stratos GIGA2.0-I: https://select.wilo.com/ApplRangeHandler.vhd?action=getSeriesImage&file=8dTdugHYRVvCoUolkoAgYkOCqKQSMhZUa5AnWFqfrAPseYQy0JAktHxF%2bsvbMFmHcc3NB9fthhxy%2fycRkWNjZjjEs%2bCdBOvhWr%2bilsvBxWoOHTusW3M%2frzCBIgby2BmTQWxxwhlYHdy999YhGSX4sH35sahw3pgNN9ZIL8kWS1y671YwuQ%2f49th4kyFVsripQzGJiuqZIW4E269dzcPw8kssj34NrxD0rlvWJ3mh4f44Hiu3zXF8nXZVrLgKyt6c3y68vUM1yjI6LNgqC7XiIg%3d%3d&lm=638929600121583291
2025-09-09 07:54:44,710 - wilo_scraper.scraper.wilo_scraper - INFO - Enhanced extraction - Product: Stratos GIGA2.0-I [WITH IMAGE]
2025-09-09 07:54:44,722 - wilo_scraper.scraper.wilo_scraper - INFO - Found image via background-image: https://select.wilo.com/ApplRangeHandler.vhd?action=getSeriesImage&file=8dTdugHYRVvCoUolkoAgYkOCqKQSMhZUa5AnWFqfrAPseYQy0JAktHxF%2bsvbMFmHcc3NB9fthhxy%2fycRkWNjZjjEs%2bCdBOvhWr%2bilsvBxWoOHTusW3M%2frzCBIgby2BmTQWxxwhlYHdy999YhGSX4sH35sahw3pgNN9ZIL8kWS1y671YwuQ%2f49th4kyFVsripQzGJiuqZIW4E269dzcPw8kssj34NrxD0rlvWJ3mh4f44Hiu3zXF8nXZVrLgKyt6c3y68vUM1yjI6LNgqC7XiIg%3d%3d&lm=638929600121583291
2025-09-09 07:54:44,722 - wilo_scraper.scraper.wilo_scraper - INFO - ✅ IMAGE FOUND for VeroLine-IPL: https://select.wilo.com/ApplRangeHandler.vhd?action=getSeriesImage&file=8dTdugHYRVvCoUolkoAgYkOCqKQSMhZUa5AnWFqfrAPseYQy0JAktHxF%2bsvbMFmHcc3NB9fthhxy%2fycRkWNjZjjEs%2bCdBOvhWr%2bilsvBxWoOHTusW3M%2frzCBIgby2BmTQWxxwhlYHdy999YhGSX4sH35sahw3pgNN9ZIL8kWS1y671YwuQ%2f49th4kyFVsripQzGJiuqZIW4E269dzcPw8kssj34NrxD0rlvWJ3mh4f44Hiu3zXF8nXZVrLgKyt6c3y68vUM1yjI6LNgqC7XiIg%3d%3d&lm=638929600121583291
2025-09-09 07:54:44,723 - wilo_scraper.scraper.wilo_scraper - INFO - Enhanced extraction - Product: VeroLine-IPL [WITH IMAGE]
2025-09-09 07:54:44,737 - wilo_scraper.scraper.wilo_scraper - INFO - Found image via background-image: https://select.wilo.com/ApplRangeHandler.vhd?action=getSeriesImage&file=8dTdugHYRVvCoUolkoAgYkOCqKQSMhZUa5AnWFqfrAPseYQy0JAktHxF%2bsvbMFmHcc3NB9fthhxy%2fycRkWNjZjjEs%2bCdBOvhWr%2bilsvBxWoOHTusW3M%2frzCBIgby2BmTQWxxwhlYHdy999YhGSX4sH35sahw3pgNN9ZIL8kWS1y671YwuQ%2f49th4kyFVsripQzGJiuqZIW4E269dzcPw8kssj34NrxD0rlvWJ3mh4f44Hiu3zXF8nXZVrLgKyt6c3y68vUM1yjI6LNgqC7XiIg%3d%3d&lm=638929600121583291
2025-09-09 07:54:44,737 - wilo_scraper.scraper.wilo_scraper - INFO - ✅ IMAGE FOUND for VeroTwin-DPL: https://select.wilo.com/ApplRangeHandler.vhd?action=getSeriesImage&file=8dTdugHYRVvCoUolkoAgYkOCqKQSMhZUa5AnWFqfrAPseYQy0JAktHxF%2bsvbMFmHcc3NB9fthhxy%2fycRkWNjZjjEs%2bCdBOvhWr%2bilsvBxWoOHTusW3M%2frzCBIgby2BmTQWxxwhlYHdy999YhGSX4sH35sahw3pgNN9ZIL8kWS1y671YwuQ%2f49th4kyFVsripQzGJiuqZIW4E269dzcPw8kssj34NrxD0rlvWJ3mh4f44Hiu3zXF8nXZVrLgKyt6c3y68vUM1yjI6LNgqC7XiIg%3d%3d&lm=638929600121583291
2025-09-09 07:54:44,739 - wilo_scraper.scraper.wilo_scraper - INFO - Enhanced extraction - Product: VeroTwin-DPL [WITH IMAGE]
2025-09-09 07:54:44,751 - wilo_scraper.scraper.wilo_scraper - INFO - Found image via background-image: https://select.wilo.com/ApplRangeHandler.vhd?action=getSeriesImage&file=8dTdugHYRVvCoUolkoAgYkOCqKQSMhZUa5AnWFqfrAPseYQy0JAktHxF%2bsvbMFmHcc3NB9fthhxy%2fycRkWNjZjjEs%2bCdBOvhWr%2bilsvBxWoOHTusW3M%2frzCBIgby2BmTQWxxwhlYHdy999YhGSX4sH35sahw3pgNN9ZIL8kWS1y671YwuQ%2f49th4kyFVsripQzGJiuqZIW4E269dzcPw8kssj34NrxD0rlvWJ3mh4f44Hiu3zXF8nXZVrLgKyt6c3y68vUM1yjI6LNgqC7XiIg%3d%3d&lm=638929600121583291
2025-09-09 07:54:44,751 - wilo_scraper.scraper.wilo_scraper - INFO - ✅ IMAGE FOUND for Yonos GIGA2.0-D: https://select.wilo.com/ApplRangeHandler.vhd?action=getSeriesImage&file=8dTdugHYRVvCoUolkoAgYkOCqKQSMhZUa5AnWFqfrAPseYQy0JAktHxF%2bsvbMFmHcc3NB9fthhxy%2fycRkWNjZjjEs%2bCdBOvhWr%2bilsvBxWoOHTusW3M%2frzCBIgby2BmTQWxxwhlYHdy999YhGSX4sH35sahw3pgNN9ZIL8kWS1y671YwuQ%2f49th4kyFVsripQzGJiuqZIW4E269dzcPw8kssj34NrxD0rlvWJ3mh4f44Hiu3zXF8nXZVrLgKyt6c3y68vUM1yjI6LNgqC7XiIg%3d%3d&lm=638929600121583291
2025-09-09 07:54:44,752 - wilo_scraper.scraper.wilo_scraper - INFO - Enhanced extraction - Product: Yonos GIGA2.0-D [WITH IMAGE]
2025-09-09 07:54:44,769 - wilo_scraper.scraper.wilo_scraper - INFO - Found image via background-image: https://select.wilo.com/ApplRangeHandler.vhd?action=getSeriesImage&file=8dTdugHYRVvCoUolkoAgYkOCqKQSMhZUa5AnWFqfrAPseYQy0JAktHxF%2bsvbMFmHcc3NB9fthhxy%2fycRkWNjZjjEs%2bCdBOvhWr%2bilsvBxWoOHTusW3M%2frzCBIgby2BmTQWxxwhlYHdy999YhGSX4sH35sahw3pgNN9ZIL8kWS1y671YwuQ%2f49th4kyFVsripQzGJiuqZIW4E269dzcPw8kssj34NrxD0rlvWJ3mh4f44Hiu3zXF8nXZVrLgKyt6c3y68vUM1yjI6LNgqC7XiIg%3d%3d&lm=638929600121583291
2025-09-09 07:54:44,769 - wilo_scraper.scraper.wilo_scraper - INFO - ✅ IMAGE FOUND for Yonos GIGA2.0-I: https://select.wilo.com/ApplRangeHandler.vhd?action=getSeriesImage&file=8dTdugHYRVvCoUolkoAgYkOCqKQSMhZUa5AnWFqfrAPseYQy0JAktHxF%2bsvbMFmHcc3NB9fthhxy%2fycRkWNjZjjEs%2bCdBOvhWr%2bilsvBxWoOHTusW3M%2frzCBIgby2BmTQWxxwhlYHdy999YhGSX4sH35sahw3pgNN9ZIL8kWS1y671YwuQ%2f49th4kyFVsripQzGJiuqZIW4E269dzcPw8kssj34NrxD0rlvWJ3mh4f44Hiu3zXF8nXZVrLgKyt6c3y68vUM1yjI6LNgqC7XiIg%3d%3d&lm=638929600121583291
2025-09-09 07:54:44,771 - wilo_scraper.scraper.wilo_scraper - INFO - Enhanced extraction - Product: Yonos GIGA2.0-I [WITH IMAGE]
2025-09-09 07:54:44,898 - wilo_scraper.scraper.browser_manager - INFO - Screenshot: logs/screenshots/step9_extracted_products_Inline-Pum.png
2025-09-09 07:54:44,898 - wilo_scraper.scraper.wilo_scraper - INFO - 📊 EXTRACTION SUMMARY for Inline-Pumpen:
2025-09-09 07:54:44,898 - wilo_scraper.scraper.wilo_scraper - INFO -    Total products: 12
2025-09-09 07:54:44,898 - wilo_scraper.scraper.wilo_scraper - INFO -    With images: 12
2025-09-09 07:54:44,898 - wilo_scraper.scraper.wilo_scraper - INFO -    Without images: 0
2025-09-09 07:54:44,899 - wilo_scraper.scraper.wilo_scraper - INFO - Extracted 12 products from Inline-Pumpen
2025-09-09 07:54:45,022 - wilo_scraper.scraper.browser_manager - INFO - Screenshot: logs/screenshots/step7_cat0_sub1_products.png
2025-09-09 07:54:45,022 - wilo_scraper.scraper.wilo_scraper - INFO - Total extracted 21 products from 01. Heizung
2025-09-09 07:54:45,036 - wilo_scraper.scraper.wilo_scraper - INFO - Extracted 21 products from 01. Heizung
2025-09-09 07:54:47,044 - wilo_scraper.scraper.wilo_scraper - INFO - Enhanced scraping completed. Found 21 products total
2025-09-09 07:54:47,044 - wilo_scraper.scraper.browser_manager - INFO - Closing browser...
2025-09-09 07:54:47,133 - wilo_scraper.scraper.browser_manager - INFO - ✅ Browser closed
