2025-09-08 08:31:52,098 - wilo_scraper - INFO - Logging initialized - logs/wilo_scraper_20250908_083152.log
2025-09-08 08:31:52,098 - wilo_scraper.__main__ - INFO - Starting Wilo Scraper Application
2025-09-08 08:31:54,768 - wilo_scraper.scraper.wilo_scraper - INFO - Starting scraping for country: germany
2025-09-08 08:31:54,770 - wilo_scraper.scraper.browser_manager - INFO - Setting up Chrome browser (simple mode)...
2025-09-08 08:31:54,771 - wilo_scraper.scraper.browser_manager - INFO - Trying simple Chrome setup...
2025-09-08 08:31:57,714 - wilo_scraper.scraper.browser_manager - INFO - ✅ Chrome opened successfully!
2025-09-08 08:31:57,764 - wilo_scraper.scraper.wilo_scraper - INFO - Navigating to Wilo website...
2025-09-08 08:32:10,239 - wilo_scraper.scraper.browser_manager - INFO - Screenshot: logs/screenshots/step1_initial_page.png
2025-09-08 08:32:10,242 - wilo_scraper.scraper.wilo_scraper - INFO - Looking for country span: Germany
2025-09-08 08:32:10,340 - wilo_scraper.scraper.browser_manager - INFO - Screenshot: logs/screenshots/step2_before_country.png
2025-09-08 08:32:11,376 - wilo_scraper.scraper.wilo_scraper - INFO - Successfully clicked country span: Germany
2025-09-08 08:32:13,482 - wilo_scraper.scraper.browser_manager - INFO - Screenshot: logs/screenshots/step3_after_country.png
2025-09-08 08:32:13,494 - wilo_scraper.scraper.wilo_scraper - INFO - Looking for Hydraulische Pumpenauswahl tile...
2025-09-08 08:32:13,494 - wilo_scraper.scraper.wilo_scraper - INFO - Waiting for page to fully load after country selection...
2025-09-08 08:32:13,494 - wilo_scraper.scraper.wilo_scraper - INFO - Waiting 5 seconds for tiles to appear...
2025-09-08 08:32:21,384 - wilo_scraper.scraper.browser_manager - INFO - Screenshot: logs/screenshots/step4_wait_5s.png
2025-09-08 08:32:21,461 - wilo_scraper.scraper.wilo_scraper - INFO - Waiting 10 seconds for tiles to appear...
2025-09-08 08:32:26,576 - wilo_scraper.scraper.browser_manager - INFO - Screenshot: logs/screenshots/step4_wait_10s.png
2025-09-08 08:32:26,617 - wilo_scraper.scraper.wilo_scraper - INFO - Found tile with keyword 'Hydraulische': Hydraulische Pumpenauswahl
2025-09-08 08:32:28,630 - wilo_scraper.scraper.wilo_scraper - INFO - Successfully clicked pump selection tile
2025-09-08 08:32:31,076 - wilo_scraper.scraper.browser_manager - INFO - Screenshot: logs/screenshots/step5_after_tile_click.png
2025-09-08 08:32:34,086 - wilo_scraper.scraper.wilo_scraper - INFO - After tile click, current URL: https://select.wilo.com/ApplRange.aspx
2025-09-08 08:32:34,086 - wilo_scraper.scraper.wilo_scraper - INFO - Extracting REAL products from category: 01. Heizung
2025-09-08 08:32:34,211 - wilo_scraper.scraper.browser_manager - INFO - Screenshot: logs/screenshots/step6_extraction_start.png
2025-09-08 08:32:39,250 - wilo_scraper.scraper.wilo_scraper - INFO - Unchecked 'Bilder ausblenden' - Images should now be visible
2025-09-08 08:32:41,391 - wilo_scraper.scraper.browser_manager - INFO - Screenshot: logs/screenshots/step7_images_enabled.png
2025-09-08 08:32:41,406 - wilo_scraper.scraper.wilo_scraper - INFO - Found subcategories: ['Umwälzpumpen']
2025-09-08 08:32:41,406 - wilo_scraper.scraper.wilo_scraper - INFO - Processing subcategory 1/1: Umwälzpumpen
2025-09-08 08:32:41,449 - wilo_scraper.scraper.wilo_scraper - INFO - Clicked subcategory: Umwälzpumpen
2025-09-08 08:32:47,615 - wilo_scraper.scraper.browser_manager - INFO - Screenshot: logs/screenshots/step8_products_Umwälzpump.png
2025-09-08 08:32:47,629 - wilo_scraper.scraper.wilo_scraper - INFO - Found 9 grid rows with selector: //tr[contains(@class, 'jqgrow')]
2025-09-08 08:32:47,654 - wilo_scraper.scraper.wilo_scraper - INFO - Extracted REAL product: Atmos PICO plus
2025-09-08 08:32:47,675 - wilo_scraper.scraper.wilo_scraper - INFO - Extracted REAL product: Stratos MAXO
2025-09-08 08:32:47,692 - wilo_scraper.scraper.wilo_scraper - INFO - Extracted REAL product: Stratos MAXO-D
2025-09-08 08:32:47,705 - wilo_scraper.scraper.wilo_scraper - INFO - Extracted REAL product: Stratos MAXO-Z
2025-09-08 08:32:47,720 - wilo_scraper.scraper.wilo_scraper - INFO - Extracted REAL product: Stratos PICO plus
2025-09-08 08:32:47,738 - wilo_scraper.scraper.wilo_scraper - INFO - Extracted REAL product: Varios PICO-STG
2025-09-08 08:32:47,786 - wilo_scraper.scraper.wilo_scraper - INFO - Extracted REAL product: Yonos MAXO plus
2025-09-08 08:32:47,806 - wilo_scraper.scraper.wilo_scraper - INFO - Extracted REAL product: Yonos PICO HU
2025-09-08 08:32:47,820 - wilo_scraper.scraper.wilo_scraper - INFO - Extracted REAL product: Yonos PICO plus
2025-09-08 08:32:47,820 - wilo_scraper.scraper.wilo_scraper - INFO - Extracted 9 products from Umwälzpumpen
2025-09-08 08:32:47,820 - wilo_scraper.scraper.wilo_scraper - INFO - Total extracted 9 REAL products from 01. Heizung
2025-09-08 08:32:47,822 - wilo_scraper.scraper.wilo_scraper - INFO - REAL scraping completed. Found 9 products
2025-09-08 08:32:47,822 - wilo_scraper.scraper.browser_manager - INFO - Closing browser...
2025-09-08 08:32:48,995 - wilo_scraper.scraper.browser_manager - INFO - ✅ Browser closed
